This is pdfTeX, Version 3.141592653-2.6-1.40.25 (MiKTeX 23.9.24) (preloaded format=pdflatex 2023.9.27)  19 DEC 2023 17:53
entering extended mode
 \write18 enabled.
 %&-line parsing enabled.
**./bfhthesis.tex
(bfhthesis.tex
LaTeX2e <2023-06-01> patch level 1
L3 programming layer <2023-08-29>
(C:\Users\bernh\AppData\Local\Programs\MiKTeX\tex/latex/bfh-ci\bfhthesis.cls
(C:\Users\bernh\AppData\Local\Programs\MiKTeX\tex/latex/l3kernel\expl3.sty
Package: expl3 2023-08-29 L3 programming layer (loader) 

(C:\Users\bernh\AppData\Local\Programs\MiKTeX\tex/latex/l3backend\l3backend-pdf
tex.def
File: l3backend-pdftex.def 2023-04-19 L3 backend support: PDF output (pdfTeX)
\l__color_backend_stack_int=\count185
\l__pdf_internal_box=\box51
))
Document Class: bfhthesis 2023/03/07 v2.1.5 Theses using Corporate Design of BF
H (BFH-CI), CI of Bern University of Applied Sciences

(C:\Users\bernh\AppData\Local\Programs\MiKTeX\tex/latex/l3packages/l3keys2e\l3k
eys2e.sty
Package: l3keys2e 2023-08-29 LaTeX2e option processing using LaTeX3 keys
)
(C:\Users\bernh\AppData\Local\Programs\MiKTeX\tex/latex/koma-script\scrbook.cls
Document Class: scrbook 2023/07/07 v3.41 KOMA-Script document class (book)

(C:\Users\bernh\AppData\Local\Programs\MiKTeX\tex/latex/koma-script\scrkbase.st
y
Package: scrkbase 2023/07/07 v3.41 KOMA-Script package (KOMA-Script-dependent b
asics and keyval usage)

(C:\Users\bernh\AppData\Local\Programs\MiKTeX\tex/latex/koma-script\scrbase.sty
Package: scrbase 2023/07/07 v3.41 KOMA-Script package (KOMA-Script-independent 
basics and keyval usage)

(C:\Users\bernh\AppData\Local\Programs\MiKTeX\tex/latex/koma-script\scrlfile.st
y
Package: scrlfile 2023/07/07 v3.41 KOMA-Script package (file load hooks)

(C:\Users\bernh\AppData\Local\Programs\MiKTeX\tex/latex/koma-script\scrlfile-ho
ok.sty
Package: scrlfile-hook 2023/07/07 v3.41 KOMA-Script package (using LaTeX hooks)


(C:\Users\bernh\AppData\Local\Programs\MiKTeX\tex/latex/koma-script\scrlogo.sty
Package: scrlogo 2023/07/07 v3.41 KOMA-Script package (logo)
))) (C:\Users\bernh\AppData\Local\Programs\MiKTeX\tex/latex/graphics\keyval.sty
Package: keyval 2022/05/29 v1.15 key=value parser (DPC)
\KV@toks@=\toks17
)
Applying: [2021/05/01] Usage of raw or classic option list on input line 252.
Already applied: [0000/00/00] Usage of raw or classic option list on input line
 368.
))
(C:\Users\bernh\AppData\Local\Programs\MiKTeX\tex/latex/koma-script\tocbasic.st
y
Package: tocbasic 2023/07/07 v3.41 KOMA-Script package (handling toc-files)
\scr@dte@tocline@numberwidth=\skip48
\scr@dte@tocline@numbox=\box52
)
Package tocbasic Info: omitting babel extension for `toc'
(tocbasic)             because of feature `nobabel' available
(tocbasic)             for `toc' on input line 135.
Class scrbook Info: File `scrsize11pt.clo' used instead of
(scrbook)           file `scrsize11.clo' to setup font sizes on input line 2691
.

(C:\Users\bernh\AppData\Local\Programs\MiKTeX\tex/latex/koma-script\scrsize11pt
.clo
File: scrsize11pt.clo 2023/07/07 v3.41 KOMA-Script font size class option (11pt
)
)
(C:\Users\bernh\AppData\Local\Programs\MiKTeX\tex/latex/koma-script\typearea.st
y
Package: typearea 2023/07/07 v3.41 KOMA-Script package (type area)
\ta@bcor=\skip49
\ta@div=\count186
Package typearea Info: You've used standard option `a4paper'.
(typearea)             This is correct!
(typearea)             Internally I'm using `paper=a4'.
(typearea)             If you'd like to set the option with \KOMAoptions,
(typearea)             you'd have to use `paper=a4' there
(typearea)             instead of `a4paper', too.
\ta@hblk=\skip50
\ta@vblk=\skip51
\ta@temp=\skip52
\footheight=\skip53
Package typearea Info: These are the values describing the layout:
(typearea)             DIV  = 10
(typearea)             BCOR = 42.67912pt
(typearea)             \paperwidth      = 597.50793pt
(typearea)              \textwidth      = 388.38017pt
(typearea)              DIV departure   = 0%
(typearea)              \evensidemargin = 38.69577pt
(typearea)              \oddsidemargin  = 25.89201pt
(typearea)             \paperheight     = 845.04694pt
(typearea)              \textheight     = 595.80026pt
(typearea)              \topmargin      = -25.16531pt
(typearea)              \headheight     = 17.0pt
(typearea)              \headsep        = 20.40001pt
(typearea)              \topskip        = 11.0pt
(typearea)              \footskip       = 47.6pt
(typearea)              \baselineskip   = 13.6pt
(typearea)              on input line 1799.
)
\c@part=\count187
\c@chapter=\count188
\c@section=\count189
\c@subsection=\count190
\c@subsubsection=\count191
\c@paragraph=\count192
\c@subparagraph=\count193
\scr@dte@chapter@maxnumwidth=\skip54
Class scrbook Info: using compatibility default `afterindent=bysign'
(scrbook)           for `\chapter on input line 5990.
\scr@dte@section@maxnumwidth=\skip55
Class scrbook Info: using compatibility default `runin=bysign'
(scrbook)           for `\section on input line 6001.
Class scrbook Info: using compatibility default `afterindent=bysign'
(scrbook)           for `\section on input line 6001.
\scr@dte@part@maxnumwidth=\skip56
Class scrbook Info: using compatibility default `afterindent=true'
(scrbook)           for `\part on input line 6010.
\scr@dte@subsection@maxnumwidth=\skip57
Class scrbook Info: using compatibility default `runin=bysign'
(scrbook)           for `\subsection on input line 6020.
Class scrbook Info: using compatibility default `afterindent=bysign'
(scrbook)           for `\subsection on input line 6020.
\scr@dte@subsubsection@maxnumwidth=\skip58
Class scrbook Info: using compatibility default `runin=bysign'
(scrbook)           for `\subsubsection on input line 6030.
Class scrbook Info: using compatibility default `afterindent=bysign'
(scrbook)           for `\subsubsection on input line 6030.
\scr@dte@paragraph@maxnumwidth=\skip59
Class scrbook Info: using compatibility default `runin=bysign'
(scrbook)           for `\paragraph on input line 6041.
Class scrbook Info: using compatibility default `afterindent=bysign'
(scrbook)           for `\paragraph on input line 6041.
\scr@dte@subparagraph@maxnumwidth=\skip60
Class scrbook Info: using compatibility default `runin=bysign'
(scrbook)           for `\subparagraph on input line 6051.
Class scrbook Info: using compatibility default `afterindent=bysign'
(scrbook)           for `\subparagraph on input line 6051.
\abovecaptionskip=\skip61
\belowcaptionskip=\skip62
\c@pti@nb@sid@b@x=\box53
Package tocbasic Info: omitting babel extension for `lof'
(tocbasic)             because of feature `nobabel' available
(tocbasic)             for `lof' on input line 7242.
\scr@dte@figure@maxnumwidth=\skip63
\c@figure=\count194
Package tocbasic Info: omitting babel extension for `lot'
(tocbasic)             because of feature `nobabel' available
(tocbasic)             for `lot' on input line 7259.
\scr@dte@table@maxnumwidth=\skip64
\c@table=\count195
Class scrbook Info: Redefining `\numberline' on input line 7430.
\bibindent=\dimen140
)
Package typearea Info: These are the values describing the layout:
(typearea)             DIV  = 10
(typearea)             BCOR = 42.67912pt
(typearea)             \paperwidth      = 597.50793pt
(typearea)              \textwidth      = 388.38017pt
(typearea)              DIV departure   = 0%
(typearea)              \evensidemargin = 38.69577pt
(typearea)              \oddsidemargin  = 25.89201pt
(typearea)             \paperheight     = 845.04694pt
(typearea)              \textheight     = 595.80026pt
(typearea)              \topmargin      = -25.16531pt
(typearea)              \headheight     = 17.0pt
(typearea)              \headsep        = 20.40001pt
(typearea)              \topskip        = 11.0pt
(typearea)              \footskip       = 47.6pt
(typearea)              \baselineskip   = 13.6pt
(typearea)              on input line 79.

(C:\Users\bernh\AppData\Local\Programs\MiKTeX\tex/latex/bfh-ci\bfhlayout.sty
Package: bfhlayout 2023/03/07 v2.1.5 BFH style package (layout)
\g_ptxcd_paper_int=\count196

(C:\Users\bernh\AppData\Local\Programs\MiKTeX\tex/latex/bfh-ci\bfhcolors.sty
Package: bfhcolors 2023/03/07 v2.1.5 color setup for BFH-CI, CI of Bern Univers
itry of Applied Sciences

(C:\Users\bernh\AppData\Local\Programs\MiKTeX\tex/latex/xcolor\xcolor.sty
Package: xcolor 2022/06/12 v2.14 LaTeX color extensions (UK)

(C:\Users\bernh\AppData\Local\Programs\MiKTeX\tex/latex/graphics-cfg\color.cfg
File: color.cfg 2016/01/02 v1.6 sample color configuration
)
Package xcolor Info: Driver file: pdftex.def on input line 227.

(C:\Users\bernh\AppData\Local\Programs\MiKTeX\tex/latex/graphics-def\pdftex.def
File: pdftex.def 2022/09/22 v1.2b Graphics/color driver for pdftex
) (C:\Users\bernh\AppData\Local\Programs\MiKTeX\tex/latex/colortbl\colortbl.sty
Package: colortbl 2022/06/20 v1.0f Color table columns (DPC)
(C:\Users\bernh\AppData\Local\Programs\MiKTeX\tex/latex/tools\array.sty
Package: array 2022/09/04 v2.5g Tabular extension package (FMi)
\col@sep=\dimen141
\ar@mcellbox=\box54
\extrarowheight=\dimen142
\NC@list=\toks18
\extratabsurround=\skip65
\backup@length=\skip66
\ar@cellbox=\box55
)
\everycr=\toks19
\minrowclearance=\skip67
\rownum=\count197
)
(C:\Users\bernh\AppData\Local\Programs\MiKTeX\tex/latex/graphics\mathcolor.ltx)
Package xcolor Info: Model `cmy' substituted by `cmy0' on input line 1353.
Package xcolor Info: Model `hsb' substituted by `rgb' on input line 1357.
Package xcolor Info: Model `RGB' extended on input line 1369.
Package xcolor Info: Model `HTML' substituted by `rgb' on input line 1371.
Package xcolor Info: Model `Hsb' substituted by `hsb' on input line 1372.
Package xcolor Info: Model `tHsb' substituted by `hsb' on input line 1373.
Package xcolor Info: Model `HSB' substituted by `hsb' on input line 1374.
Package xcolor Info: Model `Gray' substituted by `gray' on input line 1375.
Package xcolor Info: Model `wave' substituted by `hsb' on input line 1376.
)) (C:\Users\bernh\AppData\Local\Programs\MiKTeX\tex/latex/zref\zref.sty
Package: zref 2023-09-14 v2.35 A new reference scheme for LaTeX (HO)

(C:\Users\bernh\AppData\Local\Programs\MiKTeX\tex/latex/zref\zref-base.sty
Package: zref-base 2023-09-14 v2.35 Module base for zref (HO)

(C:\Users\bernh\AppData\Local\Programs\MiKTeX\tex/generic/ltxcmds\ltxcmds.sty
Package: ltxcmds 2020-05-10 v1.25 LaTeX kernel commands for general use (HO)
)
(C:\Users\bernh\AppData\Local\Programs\MiKTeX\tex/generic/infwarerr\infwarerr.s
ty
Package: infwarerr 2019/12/03 v1.5 Providing info/warning/error messages (HO)
)
(C:\Users\bernh\AppData\Local\Programs\MiKTeX\tex/latex/kvsetkeys\kvsetkeys.sty
Package: kvsetkeys 2022-10-05 v1.19 Key value parser (HO)
)
(C:\Users\bernh\AppData\Local\Programs\MiKTeX\tex/generic/kvdefinekeys\kvdefine
keys.sty
Package: kvdefinekeys 2019-12-19 v1.6 Define keys (HO)
)
(C:\Users\bernh\AppData\Local\Programs\MiKTeX\tex/generic/pdftexcmds\pdftexcmds
.sty
Package: pdftexcmds 2020-06-27 v0.33 Utility functions of pdfTeX for LuaTeX (HO
)
 (C:\Users\bernh\AppData\Local\Programs\MiKTeX\tex/generic/iftex\iftex.sty
Package: iftex 2022/02/03 v1.0f TeX engine tests
)
Package pdftexcmds Info: \pdf@primitive is available.
Package pdftexcmds Info: \pdf@ifprimitive is available.
Package pdftexcmds Info: \pdfdraftmode found.
)
(C:\Users\bernh\AppData\Local\Programs\MiKTeX\tex/generic/etexcmds\etexcmds.sty
Package: etexcmds 2019/12/15 v1.7 Avoid name clashes with e-TeX commands (HO)
) (C:\Users\bernh\AppData\Local\Programs\MiKTeX\tex/latex/auxhook\auxhook.sty
Package: auxhook 2019-12-17 v1.6 Hooks for auxiliary files (HO)
)
Package zref Info: New property list: main on input line 767.
Package zref Info: New property: default on input line 768.
Package zref Info: New property: page on input line 769.
))
(C:\Users\bernh\AppData\Local\Programs\MiKTeX\tex/latex/zref\zref-lastpage.sty
Package: zref-lastpage 2023-09-14 v2.35 Module lastpage for zref (HO)

(C:\Users\bernh\AppData\Local\Programs\MiKTeX\tex/latex/zref\zref-abspage.sty
Package: zref-abspage 2023-09-14 v2.35 Module abspage for zref (HO)
\c@abspage=\count198
Package zref Info: New property: abspage on input line 67.
)
Package zref Info: New property list: LastPage on input line 57.
) (C:\Users\bernh\AppData\Local\Programs\MiKTeX\tex/latex/zref\zref-user.sty
Package: zref-user 2023-09-14 v2.35 Module user for zref (HO)
)
(C:\Users\bernh\AppData\Local\Programs\MiKTeX\tex/latex/translations\translatio
ns.sty
Package: translations 2022/02/05 v1.12 internationalization of LaTeX2e packages
 (CN)

(C:\Users\bernh\AppData\Local\Programs\MiKTeX\tex/latex/etoolbox\etoolbox.sty
Package: etoolbox 2020/10/05 v2.5k e-TeX tools for LaTeX (JAW)
\etb@tempcnta=\count199
))
(C:\Users\bernh\AppData\Local\Programs\MiKTeX\tex/latex/koma-script\scrlayer-sc
rpage.sty
Package: scrlayer-scrpage 2023/07/07 v3.41 KOMA-Script package (end user interf
ace for scrlayer)

(C:\Users\bernh\AppData\Local\Programs\MiKTeX\tex/latex/koma-script\scrlayer.st
y
Package: scrlayer 2023/07/07 v3.41 KOMA-Script package (defining layers and pag
e styles)
Package scrlayer Info: patching LaTeX kernel macro \pagestyle on input line 218
3.
)
Package scrlayer-scrpage Info: Makeing stand-alone element `pagehead' from
(scrlayer-scrpage)             alias to `pageheadfoot' on input line 1106.
)
1: section
1: chapter
1: chapter
1: section
(C:\Users\bernh\AppData\Local\Programs\MiKTeX\tex/latex/amsmath\amsmath.sty
Package: amsmath 2023/05/13 v2.17o AMS math features
\@mathmargin=\skip68

For additional information on amsmath, use the `?' option.
(C:\Users\bernh\AppData\Local\Programs\MiKTeX\tex/latex/amsmath\amstext.sty
Package: amstext 2021/08/26 v2.01 AMS text

(C:\Users\bernh\AppData\Local\Programs\MiKTeX\tex/latex/amsmath\amsgen.sty
File: amsgen.sty 1999/11/30 v2.0 generic functions
\@emptytoks=\toks20
\ex@=\dimen143
))
(C:\Users\bernh\AppData\Local\Programs\MiKTeX\tex/latex/amsmath\amsbsy.sty
Package: amsbsy 1999/11/29 v1.2d Bold Symbols
\pmbraise@=\dimen144
)
(C:\Users\bernh\AppData\Local\Programs\MiKTeX\tex/latex/amsmath\amsopn.sty
Package: amsopn 2022/04/08 v2.04 operator names
)
\inf@bad=\count266
LaTeX Info: Redefining \frac on input line 234.
\uproot@=\count267
\leftroot@=\count268
LaTeX Info: Redefining \overline on input line 399.
LaTeX Info: Redefining \colon on input line 410.
\classnum@=\count269
\DOTSCASE@=\count270
LaTeX Info: Redefining \ldots on input line 496.
LaTeX Info: Redefining \dots on input line 499.
LaTeX Info: Redefining \cdots on input line 620.
\Mathstrutbox@=\box56
\strutbox@=\box57
LaTeX Info: Redefining \big on input line 722.
LaTeX Info: Redefining \Big on input line 723.
LaTeX Info: Redefining \bigg on input line 724.
LaTeX Info: Redefining \Bigg on input line 725.
\big@size=\dimen145
LaTeX Font Info:    Redeclaring font encoding OML on input line 743.
LaTeX Font Info:    Redeclaring font encoding OMS on input line 744.
\macc@depth=\count271
LaTeX Info: Redefining \bmod on input line 905.
LaTeX Info: Redefining \pmod on input line 910.
LaTeX Info: Redefining \smash on input line 940.
LaTeX Info: Redefining \relbar on input line 970.
LaTeX Info: Redefining \Relbar on input line 971.
\c@MaxMatrixCols=\count272
\dotsspace@=\muskip16
\c@parentequation=\count273
\dspbrk@lvl=\count274
\tag@help=\toks21
\row@=\count275
\column@=\count276
\maxfields@=\count277
\andhelp@=\toks22
\eqnshift@=\dimen146
\alignsep@=\dimen147
\tagshift@=\dimen148
\tagwidth@=\dimen149
\totwidth@=\dimen150
\lineht@=\dimen151
\@envbody=\toks23
\multlinegap=\skip69
\multlinetaggap=\skip70
\mathdisplay@stack=\toks24
LaTeX Info: Redefining \[ on input line 2953.
LaTeX Info: Redefining \] on input line 2954.
)
(C:\Users\bernh\AppData\Local\Programs\MiKTeX\tex/latex/bfh-ci\bfhfonts.sty
Package: bfhfonts 2023/03/07 v2.1.5 BFH-CI (fonts Module)

(C:\Users\bernh\AppData\Local\Programs\MiKTeX\tex/latex/anyfontsize\anyfontsize
.sty
Package: anyfontsize 2007/11/22 anyfontsize.sty by pts
)
(C:\Users\bernh\AppData\Local\Programs\MiKTeX\tex/latex/amsfonts\amssymb.sty
Package: amssymb 2013/01/14 v3.01 AMS font symbols

(C:\Users\bernh\AppData\Local\Programs\MiKTeX\tex/latex/amsfonts\amsfonts.sty
Package: amsfonts 2013/01/14 v3.01 Basic AMSFonts support
\symAMSa=\mathgroup4
\symAMSb=\mathgroup5
LaTeX Font Info:    Redeclaring math symbol \hbar on input line 98.
LaTeX Font Info:    Overwriting math alphabet `\mathfrak' in version `bold'
(Font)                  U/euf/m/n --> U/euf/b/n on input line 106.
)) (C:\Users\bernh\AppData\Local\Programs\MiKTeX\tex/latex/nunito\nunito.sty
Package: nunito 2021/01/15 v.0.0.1 (Carl-Clemens Ebinger & autoinst) Style file
 for Nunito fonts.

(C:\Users\bernh\AppData\Local\Programs\MiKTeX\tex/latex/xkeyval\xkeyval.sty
Package: xkeyval 2022/06/16 v2.9 package option processing (HA)

(C:\Users\bernh\AppData\Local\Programs\MiKTeX\tex/generic/xkeyval\xkeyval.tex
(C:\Users\bernh\AppData\Local\Programs\MiKTeX\tex/generic/xkeyval\xkvutils.tex
\XKV@toks=\toks25
\XKV@tempa@toks=\toks26
)
\XKV@depth=\count278
File: xkeyval.tex 2014/12/03 v2.7a key=value parser (HA)
)) (C:\Users\bernh\AppData\Local\Programs\MiKTeX\tex/latex/base\fontenc.sty
Package: fontenc 2021/04/29 v2.0v Standard LaTeX package
)
(C:\Users\bernh\AppData\Local\Programs\MiKTeX\tex/latex/base\textcomp.sty
Package: textcomp 2020/02/02 v2.0n Standard LaTeX package
)
(C:\Users\bernh\AppData\Local\Programs\MiKTeX\tex/latex/base\ifthen.sty
Package: ifthen 2022/04/13 v1.1d Standard LaTeX ifthen package (DPC)
)
(C:\Users\bernh\AppData\Local\Programs\MiKTeX\tex/latex/fontaxes\fontaxes.sty
Package: fontaxes 2020/07/21 v1.0e Font selection axes
LaTeX Info: Redefining \upshape on input line 29.
LaTeX Info: Redefining \itshape on input line 31.
LaTeX Info: Redefining \slshape on input line 33.
LaTeX Info: Redefining \swshape on input line 35.
LaTeX Info: Redefining \scshape on input line 37.
LaTeX Info: Redefining \sscshape on input line 39.
LaTeX Info: Redefining \ulcshape on input line 41.
LaTeX Info: Redefining \textsw on input line 47.
LaTeX Info: Redefining \textssc on input line 48.
LaTeX Info: Redefining \textulc on input line 49.
))
(C:\Users\bernh\AppData\Local\Programs\MiKTeX\tex/latex/sourceserifpro\sourcese
rifpro.sty
Package: sourceserifpro 2018/11/10 v1.4 Adobe's Source Serif Pro typeface

(C:\Users\bernh\AppData\Local\Programs\MiKTeX\tex/generic/iftex\ifxetex.sty
Package: ifxetex 2019/10/25 v0.7 ifxetex legacy package. Use iftex instead.
)
(C:\Users\bernh\AppData\Local\Programs\MiKTeX\tex/generic/iftex\ifluatex.sty
Package: ifluatex 2019/10/25 v1.5 ifluatex legacy package. Use iftex instead.
)
(C:\Users\bernh\AppData\Local\Programs\MiKTeX\tex/latex/base\fontenc.sty
Package: fontenc 2021/04/29 v2.0v Standard LaTeX package

(C:\Users\bernh\AppData\Local\Programs\MiKTeX\tex/latex/ly1\ly1enc.def
File: ly1enc.def 2022/06/11 v0.8 TeX 'n ANSI encoding (DPC/KB)
Now handling font encoding LY1 ...
... processing UTF-8 mapping file for font encoding LY1

(C:\Users\bernh\AppData\Local\Programs\MiKTeX\tex/latex/base\ly1enc.dfu
File: ly1enc.dfu 2022/06/07 v1.3c UTF-8 support
   defining Unicode char U+00A0 (decimal 160)
   defining Unicode char U+00A1 (decimal 161)
   defining Unicode char U+00A2 (decimal 162)
   defining Unicode char U+00A3 (decimal 163)
   defining Unicode char U+00A4 (decimal 164)
   defining Unicode char U+00A5 (decimal 165)
   defining Unicode char U+00A6 (decimal 166)
   defining Unicode char U+00A7 (decimal 167)
   defining Unicode char U+00AA (decimal 170)
   defining Unicode char U+00AB (decimal 171)
   defining Unicode char U+00AD (decimal 173)
   defining Unicode char U+00AE (decimal 174)
   defining Unicode char U+00B0 (decimal 176)
   defining Unicode char U+00B5 (decimal 181)
   defining Unicode char U+00B6 (decimal 182)
   defining Unicode char U+00B7 (decimal 183)
   defining Unicode char U+00BA (decimal 186)
   defining Unicode char U+00BB (decimal 187)
   defining Unicode char U+00BC (decimal 188)
   defining Unicode char U+00BD (decimal 189)
   defining Unicode char U+00BE (decimal 190)
   defining Unicode char U+00BF (decimal 191)
   defining Unicode char U+00C0 (decimal 192)
   defining Unicode char U+00C1 (decimal 193)
   defining Unicode char U+00C2 (decimal 194)
   defining Unicode char U+00C3 (decimal 195)
   defining Unicode char U+00C4 (decimal 196)
   defining Unicode char U+00C5 (decimal 197)
   defining Unicode char U+00C6 (decimal 198)
   defining Unicode char U+00C7 (decimal 199)
   defining Unicode char U+00C8 (decimal 200)
   defining Unicode char U+00C9 (decimal 201)
   defining Unicode char U+00CA (decimal 202)
   defining Unicode char U+00CB (decimal 203)
   defining Unicode char U+00CC (decimal 204)
   defining Unicode char U+00CD (decimal 205)
   defining Unicode char U+00CE (decimal 206)
   defining Unicode char U+00CF (decimal 207)
   defining Unicode char U+00D0 (decimal 208)
   defining Unicode char U+00D1 (decimal 209)
   defining Unicode char U+00D2 (decimal 210)
   defining Unicode char U+00D3 (decimal 211)
   defining Unicode char U+00D4 (decimal 212)
   defining Unicode char U+00D5 (decimal 213)
   defining Unicode char U+00D6 (decimal 214)
   defining Unicode char U+00D8 (decimal 216)
   defining Unicode char U+00D9 (decimal 217)
   defining Unicode char U+00DA (decimal 218)
   defining Unicode char U+00DB (decimal 219)
   defining Unicode char U+00DC (decimal 220)
   defining Unicode char U+00DD (decimal 221)
   defining Unicode char U+00DE (decimal 222)
   defining Unicode char U+00DF (decimal 223)
   defining Unicode char U+00E0 (decimal 224)
   defining Unicode char U+00E1 (decimal 225)
   defining Unicode char U+00E2 (decimal 226)
   defining Unicode char U+00E3 (decimal 227)
   defining Unicode char U+00E4 (decimal 228)
   defining Unicode char U+00E5 (decimal 229)
   defining Unicode char U+00E6 (decimal 230)
   defining Unicode char U+00E7 (decimal 231)
   defining Unicode char U+00E8 (decimal 232)
   defining Unicode char U+00E9 (decimal 233)
   defining Unicode char U+00EA (decimal 234)
   defining Unicode char U+00EB (decimal 235)
   defining Unicode char U+00EC (decimal 236)
   defining Unicode char U+00ED (decimal 237)
   defining Unicode char U+00EE (decimal 238)
   defining Unicode char U+00EF (decimal 239)
   defining Unicode char U+00F0 (decimal 240)
   defining Unicode char U+00F1 (decimal 241)
   defining Unicode char U+00F2 (decimal 242)
   defining Unicode char U+00F3 (decimal 243)
   defining Unicode char U+00F4 (decimal 244)
   defining Unicode char U+00F5 (decimal 245)
   defining Unicode char U+00F6 (decimal 246)
   defining Unicode char U+00F8 (decimal 248)
   defining Unicode char U+00F9 (decimal 249)
   defining Unicode char U+00FA (decimal 250)
   defining Unicode char U+00FB (decimal 251)
   defining Unicode char U+00FC (decimal 252)
   defining Unicode char U+00FD (decimal 253)
   defining Unicode char U+00FE (decimal 254)
   defining Unicode char U+00FF (decimal 255)
   defining Unicode char U+0131 (decimal 305)
   defining Unicode char U+0141 (decimal 321)
   defining Unicode char U+0142 (decimal 322)
   defining Unicode char U+0152 (decimal 338)
   defining Unicode char U+0153 (decimal 339)
   defining Unicode char U+0160 (decimal 352)
   defining Unicode char U+0161 (decimal 353)
   defining Unicode char U+0174 (decimal 372)
   defining Unicode char U+0175 (decimal 373)
   defining Unicode char U+0176 (decimal 374)
   defining Unicode char U+0177 (decimal 375)
   defining Unicode char U+0178 (decimal 376)
   defining Unicode char U+017D (decimal 381)
   defining Unicode char U+017E (decimal 382)
   defining Unicode char U+0192 (decimal 402)
   defining Unicode char U+0218 (decimal 536)
   defining Unicode char U+0219 (decimal 537)
   defining Unicode char U+021A (decimal 538)
   defining Unicode char U+021B (decimal 539)
   defining Unicode char U+0237 (decimal 567)
   defining Unicode char U+02C6 (decimal 710)
   defining Unicode char U+02DC (decimal 732)
   defining Unicode char U+2013 (decimal 8211)
   defining Unicode char U+2014 (decimal 8212)
   defining Unicode char U+201C (decimal 8220)
   defining Unicode char U+201D (decimal 8221)
   defining Unicode char U+2020 (decimal 8224)
   defining Unicode char U+2021 (decimal 8225)
   defining Unicode char U+2022 (decimal 8226)
   defining Unicode char U+2026 (decimal 8230)
   defining Unicode char U+2030 (decimal 8240)
   defining Unicode char U+2039 (decimal 8249)
   defining Unicode char U+203A (decimal 8250)
   defining Unicode char U+2122 (decimal 8482)
   defining Unicode char U+FB00 (decimal 64256)
   defining Unicode char U+FB01 (decimal 64257)
   defining Unicode char U+FB02 (decimal 64258)
   defining Unicode char U+FB03 (decimal 64259)
   defining Unicode char U+FB04 (decimal 64260)
   defining Unicode char U+FB05 (decimal 64261)
   defining Unicode char U+FB06 (decimal 64262)
))
LaTeX Font Info:    Trying to load font information for T1+Nunito-TOsF on input
 line 112.

(C:\Users\bernh\AppData\Local\Programs\MiKTeX\tex/latex/nunito\t1nunito-tosf.fd
File: T1Nunito-TOsF.fd 2021/01/15 (autoinst) Font definitions for T1/Nunito-TOs
F.
)
LaTeX Font Info:    Font shape `T1/Nunito-TOsF/m/n' will be
(Font)              scaled to size 10.95pt on input line 112.
)) (C:\Users\bernh\AppData\Local\Programs\MiKTeX\tex/latex/base\fontenc.sty
Package: fontenc 2021/04/29 v2.0v Standard LaTeX package
LaTeX Font Info:    Trying to load font information for T1+SourceSerifPro-LF on
 input line 112.

(C:\Users\bernh\AppData\Local\Programs\MiKTeX\tex/latex/sourceserifpro\t1source
serifpro-lf.fd
File: T1SourceSerifPro-LF.fd 2018/09/05 (autoinst) Font definitions for T1/Sour
ceSerifPro-LF.
)
LaTeX Font Info:    Font shape `T1/SourceSerifPro-LF/m/n' will be
(Font)              scaled to size 10.95pt on input line 112.
)

Package bfhfonts.sty Warning: You are using pdfLaTeX. In case the official font
s have been installed on your system I can't use them. on input line 43.

) (C:\Users\bernh\AppData\Local\Programs\MiKTeX\tex/latex/graphics\graphicx.sty
Package: graphicx 2021/09/16 v1.2d Enhanced LaTeX Graphics (DPC,SPQR)
(C:\Users\bernh\AppData\Local\Programs\MiKTeX\tex/latex/graphics\graphics.sty
Package: graphics 2022/03/10 v1.4e Standard LaTeX Graphics (DPC,SPQR)

(C:\Users\bernh\AppData\Local\Programs\MiKTeX\tex/latex/graphics\trig.sty
Package: trig 2021/08/11 v1.11 sin cos tan (DPC)
)
(C:\Users\bernh\AppData\Local\Programs\MiKTeX\tex/latex/graphics-cfg\graphics.c
fg
File: graphics.cfg 2016/06/04 v1.11 sample graphics configuration
)
Package graphics Info: Driver file: pdftex.def on input line 107.
)
\Gin@req@height=\dimen152
\Gin@req@width=\dimen153
)

Package bfh-ci Warning: I could not find the bfhlogo package.

\g__ptxcd_logo_height_dim=\dimen154
\g__ptxcd_logo_box=\box58
\g_ptxcd_rule_height_dim=\dimen155
\g_ptxcd_rule_arc_dim=\dimen156
(C:\Users\bernh\AppData\Local\Programs\MiKTeX\tex/latex/bfh-ci\bfh-a4paper.clo
File: bfh-a0paper.clo 2023/03/07 v2.1.5 bfh-ci size adjustments for a4paper
) (C:\Users\bernh\AppData\Local\Programs\MiKTeX\tex/latex/adjustbox\trimclip.st
y
Package: trimclip 2020/08/19 v1.2 Trim and clip general TeX material

(C:\Users\bernh\AppData\Local\Programs\MiKTeX\tex/latex/collectbox\collectbox.s
ty
Package: collectbox 2022/10/17 v0.4c Collect macro arguments as boxes
\collectedbox=\box59
)
(C:\Users\bernh\AppData\Local\Programs\MiKTeX\tex/latex/adjustbox\adjcalc.sty
Package: adjcalc 2012/05/16 v1.1 Provides advanced setlength with multiple back
-ends (calc, etex, pgfmath)
)
\tc@llx=\dimen157
\tc@lly=\dimen158
\tc@urx=\dimen159
\tc@ury=\dimen160
Package trimclip Info: Using driver 'tc-pdftex.def'.

(C:\Users\bernh\AppData\Local\Programs\MiKTeX\tex/latex/adjustbox\tc-pdftex.def
File: tc-pdftex.def 2019/01/04 v2.2 Clipping driver for pdftex
))
\l__ptxcd_titlegraphic_box=\box60
\g__ptxcd_title_box=\box61

(C:\Users\bernh\AppData\Local\Programs\MiKTeX\tex/latex/l3packages/xparse\xpars
e.sty
Package: xparse 2023-08-29 L3 Experimental document command parser
)
\g__ptxcd_titleimage_ht_dim=\dimen161

(C:\Users\bernh\AppData\Local\Programs\MiKTeX\tex/latex/bfh-ci\bfhmodule.sty
Package: bfhmodule 2023/03/07 v2.1.5 BFH module package -- modular extensions f
or bfh-ci
)
(C:\Users\bernh\AppData\Local\Programs\MiKTeX\tex/latex/bfh-ci\bfh-layout-tabul
ar.cfg
File: bfh-layout-tabular.cfg 2023/03/07 v2.1.5 tabular and tabularray configura
tion for bfhlayout
)
(C:\Users\bernh\AppData\Local\Programs\MiKTeX\tex/latex/bfh-ci\bfh-layout-rules
.cfg
File: bfh-layout-rules.cfg 2023/03/07 v2.1.5 rulesconfigurationforbfhlayout
\g__ptxcd_rule_dim=\dimen162
\g__ptxcd_rule_radius_dim=\dimen163

(C:\Users\bernh\AppData\Local\Programs\MiKTeX\tex/latex/pgf/frontendlayer\tikz.
sty
(C:\Users\bernh\AppData\Local\Programs\MiKTeX\tex/latex/pgf/basiclayer\pgf.sty
(C:\Users\bernh\AppData\Local\Programs\MiKTeX\tex/latex/pgf/utilities\pgfrcs.st
y
(C:\Users\bernh\AppData\Local\Programs\MiKTeX\tex/generic/pgf/utilities\pgfutil
-common.tex
\pgfutil@everybye=\toks27
\pgfutil@tempdima=\dimen164
\pgfutil@tempdimb=\dimen165
)
(C:\Users\bernh\AppData\Local\Programs\MiKTeX\tex/generic/pgf/utilities\pgfutil
-latex.def
\pgfutil@abb=\box62
)
(C:\Users\bernh\AppData\Local\Programs\MiKTeX\tex/generic/pgf/utilities\pgfrcs.
code.tex
(C:\Users\bernh\AppData\Local\Programs\MiKTeX\tex/generic/pgf\pgf.revision.tex)
Package: pgfrcs 2023-01-15 v3.1.10 (3.1.10)
))
Package: pgf 2023-01-15 v3.1.10 (3.1.10)

(C:\Users\bernh\AppData\Local\Programs\MiKTeX\tex/latex/pgf/basiclayer\pgfcore.
sty
(C:\Users\bernh\AppData\Local\Programs\MiKTeX\tex/latex/pgf/systemlayer\pgfsys.
sty
(C:\Users\bernh\AppData\Local\Programs\MiKTeX\tex/generic/pgf/systemlayer\pgfsy
s.code.tex
Package: pgfsys 2023-01-15 v3.1.10 (3.1.10)

(C:\Users\bernh\AppData\Local\Programs\MiKTeX\tex/generic/pgf/utilities\pgfkeys
.code.tex
\pgfkeys@pathtoks=\toks28
\pgfkeys@temptoks=\toks29

(C:\Users\bernh\AppData\Local\Programs\MiKTeX\tex/generic/pgf/utilities\pgfkeys
libraryfiltered.code.tex
\pgfkeys@tmptoks=\toks30
))
\pgf@x=\dimen166
\pgf@y=\dimen167
\pgf@xa=\dimen168
\pgf@ya=\dimen169
\pgf@xb=\dimen170
\pgf@yb=\dimen171
\pgf@xc=\dimen172
\pgf@yc=\dimen173
\pgf@xd=\dimen174
\pgf@yd=\dimen175
\w@pgf@writea=\write3
\r@pgf@reada=\read2
\c@pgf@counta=\count279
\c@pgf@countb=\count280
\c@pgf@countc=\count281
\c@pgf@countd=\count282
\t@pgf@toka=\toks31
\t@pgf@tokb=\toks32
\t@pgf@tokc=\toks33
\pgf@sys@id@count=\count283

(C:\Users\bernh\AppData\Local\Programs\MiKTeX\tex/generic/pgf/systemlayer\pgf.c
fg
File: pgf.cfg 2023-01-15 v3.1.10 (3.1.10)
)
Driver file for pgf: pgfsys-pdftex.def

(C:\Users\bernh\AppData\Local\Programs\MiKTeX\tex/generic/pgf/systemlayer\pgfsy
s-pdftex.def
File: pgfsys-pdftex.def 2023-01-15 v3.1.10 (3.1.10)

(C:\Users\bernh\AppData\Local\Programs\MiKTeX\tex/generic/pgf/systemlayer\pgfsy
s-common-pdf.def
File: pgfsys-common-pdf.def 2023-01-15 v3.1.10 (3.1.10)
)))
(C:\Users\bernh\AppData\Local\Programs\MiKTeX\tex/generic/pgf/systemlayer\pgfsy
ssoftpath.code.tex
File: pgfsyssoftpath.code.tex 2023-01-15 v3.1.10 (3.1.10)
\pgfsyssoftpath@smallbuffer@items=\count284
\pgfsyssoftpath@bigbuffer@items=\count285
)
(C:\Users\bernh\AppData\Local\Programs\MiKTeX\tex/generic/pgf/systemlayer\pgfsy
sprotocol.code.tex
File: pgfsysprotocol.code.tex 2023-01-15 v3.1.10 (3.1.10)
))
(C:\Users\bernh\AppData\Local\Programs\MiKTeX\tex/generic/pgf/basiclayer\pgfcor
e.code.tex
Package: pgfcore 2023-01-15 v3.1.10 (3.1.10)

(C:\Users\bernh\AppData\Local\Programs\MiKTeX\tex/generic/pgf/math\pgfmath.code
.tex
(C:\Users\bernh\AppData\Local\Programs\MiKTeX\tex/generic/pgf/math\pgfmathutil.
code.tex)
(C:\Users\bernh\AppData\Local\Programs\MiKTeX\tex/generic/pgf/math\pgfmathparse
r.code.tex
\pgfmath@dimen=\dimen176
\pgfmath@count=\count286
\pgfmath@box=\box63
\pgfmath@toks=\toks34
\pgfmath@stack@operand=\toks35
\pgfmath@stack@operation=\toks36
)
(C:\Users\bernh\AppData\Local\Programs\MiKTeX\tex/generic/pgf/math\pgfmathfunct
ions.code.tex)
(C:\Users\bernh\AppData\Local\Programs\MiKTeX\tex/generic/pgf/math\pgfmathfunct
ions.basic.code.tex)
(C:\Users\bernh\AppData\Local\Programs\MiKTeX\tex/generic/pgf/math\pgfmathfunct
ions.trigonometric.code.tex)
(C:\Users\bernh\AppData\Local\Programs\MiKTeX\tex/generic/pgf/math\pgfmathfunct
ions.random.code.tex)
(C:\Users\bernh\AppData\Local\Programs\MiKTeX\tex/generic/pgf/math\pgfmathfunct
ions.comparison.code.tex)
(C:\Users\bernh\AppData\Local\Programs\MiKTeX\tex/generic/pgf/math\pgfmathfunct
ions.base.code.tex)
(C:\Users\bernh\AppData\Local\Programs\MiKTeX\tex/generic/pgf/math\pgfmathfunct
ions.round.code.tex)
(C:\Users\bernh\AppData\Local\Programs\MiKTeX\tex/generic/pgf/math\pgfmathfunct
ions.misc.code.tex)
(C:\Users\bernh\AppData\Local\Programs\MiKTeX\tex/generic/pgf/math\pgfmathfunct
ions.integerarithmetics.code.tex)
(C:\Users\bernh\AppData\Local\Programs\MiKTeX\tex/generic/pgf/math\pgfmathcalc.
code.tex)
(C:\Users\bernh\AppData\Local\Programs\MiKTeX\tex/generic/pgf/math\pgfmathfloat
.code.tex
\c@pgfmathroundto@lastzeros=\count287
))
(C:\Users\bernh\AppData\Local\Programs\MiKTeX\tex/generic/pgf/math\pgfint.code.
tex)
(C:\Users\bernh\AppData\Local\Programs\MiKTeX\tex/generic/pgf/basiclayer\pgfcor
epoints.code.tex
File: pgfcorepoints.code.tex 2023-01-15 v3.1.10 (3.1.10)
\pgf@picminx=\dimen177
\pgf@picmaxx=\dimen178
\pgf@picminy=\dimen179
\pgf@picmaxy=\dimen180
\pgf@pathminx=\dimen181
\pgf@pathmaxx=\dimen182
\pgf@pathminy=\dimen183
\pgf@pathmaxy=\dimen184
\pgf@xx=\dimen185
\pgf@xy=\dimen186
\pgf@yx=\dimen187
\pgf@yy=\dimen188
\pgf@zx=\dimen189
\pgf@zy=\dimen190
)
(C:\Users\bernh\AppData\Local\Programs\MiKTeX\tex/generic/pgf/basiclayer\pgfcor
epathconstruct.code.tex
File: pgfcorepathconstruct.code.tex 2023-01-15 v3.1.10 (3.1.10)
\pgf@path@lastx=\dimen191
\pgf@path@lasty=\dimen192
)
(C:\Users\bernh\AppData\Local\Programs\MiKTeX\tex/generic/pgf/basiclayer\pgfcor
epathusage.code.tex
File: pgfcorepathusage.code.tex 2023-01-15 v3.1.10 (3.1.10)
\pgf@shorten@end@additional=\dimen193
\pgf@shorten@start@additional=\dimen194
)
(C:\Users\bernh\AppData\Local\Programs\MiKTeX\tex/generic/pgf/basiclayer\pgfcor
escopes.code.tex
File: pgfcorescopes.code.tex 2023-01-15 v3.1.10 (3.1.10)
\pgfpic=\box64
\pgf@hbox=\box65
\pgf@layerbox@main=\box66
\pgf@picture@serial@count=\count288
)
(C:\Users\bernh\AppData\Local\Programs\MiKTeX\tex/generic/pgf/basiclayer\pgfcor
egraphicstate.code.tex
File: pgfcoregraphicstate.code.tex 2023-01-15 v3.1.10 (3.1.10)
\pgflinewidth=\dimen195
)
(C:\Users\bernh\AppData\Local\Programs\MiKTeX\tex/generic/pgf/basiclayer\pgfcor
etransformations.code.tex
File: pgfcoretransformations.code.tex 2023-01-15 v3.1.10 (3.1.10)
\pgf@pt@x=\dimen196
\pgf@pt@y=\dimen197
\pgf@pt@temp=\dimen198
)
(C:\Users\bernh\AppData\Local\Programs\MiKTeX\tex/generic/pgf/basiclayer\pgfcor
equick.code.tex
File: pgfcorequick.code.tex 2023-01-15 v3.1.10 (3.1.10)
)
(C:\Users\bernh\AppData\Local\Programs\MiKTeX\tex/generic/pgf/basiclayer\pgfcor
eobjects.code.tex
File: pgfcoreobjects.code.tex 2023-01-15 v3.1.10 (3.1.10)
)
(C:\Users\bernh\AppData\Local\Programs\MiKTeX\tex/generic/pgf/basiclayer\pgfcor
epathprocessing.code.tex
File: pgfcorepathprocessing.code.tex 2023-01-15 v3.1.10 (3.1.10)
)
(C:\Users\bernh\AppData\Local\Programs\MiKTeX\tex/generic/pgf/basiclayer\pgfcor
earrows.code.tex
File: pgfcorearrows.code.tex 2023-01-15 v3.1.10 (3.1.10)
\pgfarrowsep=\dimen199
)
(C:\Users\bernh\AppData\Local\Programs\MiKTeX\tex/generic/pgf/basiclayer\pgfcor
eshade.code.tex
File: pgfcoreshade.code.tex 2023-01-15 v3.1.10 (3.1.10)
\pgf@max=\dimen256
\pgf@sys@shading@range@num=\count289
\pgf@shadingcount=\count290
)
(C:\Users\bernh\AppData\Local\Programs\MiKTeX\tex/generic/pgf/basiclayer\pgfcor
eimage.code.tex
File: pgfcoreimage.code.tex 2023-01-15 v3.1.10 (3.1.10)
)
(C:\Users\bernh\AppData\Local\Programs\MiKTeX\tex/generic/pgf/basiclayer\pgfcor
eexternal.code.tex
File: pgfcoreexternal.code.tex 2023-01-15 v3.1.10 (3.1.10)
\pgfexternal@startupbox=\box67
)
(C:\Users\bernh\AppData\Local\Programs\MiKTeX\tex/generic/pgf/basiclayer\pgfcor
elayers.code.tex
File: pgfcorelayers.code.tex 2023-01-15 v3.1.10 (3.1.10)
)
(C:\Users\bernh\AppData\Local\Programs\MiKTeX\tex/generic/pgf/basiclayer\pgfcor
etransparency.code.tex
File: pgfcoretransparency.code.tex 2023-01-15 v3.1.10 (3.1.10)
)
(C:\Users\bernh\AppData\Local\Programs\MiKTeX\tex/generic/pgf/basiclayer\pgfcor
epatterns.code.tex
File: pgfcorepatterns.code.tex 2023-01-15 v3.1.10 (3.1.10)
)
(C:\Users\bernh\AppData\Local\Programs\MiKTeX\tex/generic/pgf/basiclayer\pgfcor
erdf.code.tex
File: pgfcorerdf.code.tex 2023-01-15 v3.1.10 (3.1.10)
)))
(C:\Users\bernh\AppData\Local\Programs\MiKTeX\tex/generic/pgf/modules\pgfmodule
shapes.code.tex
File: pgfmoduleshapes.code.tex 2023-01-15 v3.1.10 (3.1.10)
\pgfnodeparttextbox=\box68
)
(C:\Users\bernh\AppData\Local\Programs\MiKTeX\tex/generic/pgf/modules\pgfmodule
plot.code.tex
File: pgfmoduleplot.code.tex 2023-01-15 v3.1.10 (3.1.10)
)
(C:\Users\bernh\AppData\Local\Programs\MiKTeX\tex/latex/pgf/compatibility\pgfco
mp-version-0-65.sty
Package: pgfcomp-version-0-65 2023-01-15 v3.1.10 (3.1.10)
\pgf@nodesepstart=\dimen257
\pgf@nodesepend=\dimen258
)
(C:\Users\bernh\AppData\Local\Programs\MiKTeX\tex/latex/pgf/compatibility\pgfco
mp-version-1-18.sty
Package: pgfcomp-version-1-18 2023-01-15 v3.1.10 (3.1.10)
))
(C:\Users\bernh\AppData\Local\Programs\MiKTeX\tex/latex/pgf/utilities\pgffor.st
y
(C:\Users\bernh\AppData\Local\Programs\MiKTeX\tex/latex/pgf/utilities\pgfkeys.s
ty
(C:\Users\bernh\AppData\Local\Programs\MiKTeX\tex/generic/pgf/utilities\pgfkeys
.code.tex))
(C:\Users\bernh\AppData\Local\Programs\MiKTeX\tex/latex/pgf/math\pgfmath.sty
(C:\Users\bernh\AppData\Local\Programs\MiKTeX\tex/generic/pgf/math\pgfmath.code
.tex))
(C:\Users\bernh\AppData\Local\Programs\MiKTeX\tex/generic/pgf/utilities\pgffor.
code.tex
Package: pgffor 2023-01-15 v3.1.10 (3.1.10)
\pgffor@iter=\dimen259
\pgffor@skip=\dimen260
\pgffor@stack=\toks37
\pgffor@toks=\toks38
))
(C:\Users\bernh\AppData\Local\Programs\MiKTeX\tex/generic/pgf/frontendlayer/tik
z\tikz.code.tex
Package: tikz 2023-01-15 v3.1.10 (3.1.10)

(C:\Users\bernh\AppData\Local\Programs\MiKTeX\tex/generic/pgf/libraries\pgflibr
aryplothandlers.code.tex
File: pgflibraryplothandlers.code.tex 2023-01-15 v3.1.10 (3.1.10)
\pgf@plot@mark@count=\count291
\pgfplotmarksize=\dimen261
)
\tikz@lastx=\dimen262
\tikz@lasty=\dimen263
\tikz@lastxsaved=\dimen264
\tikz@lastysaved=\dimen265
\tikz@lastmovetox=\dimen266
\tikz@lastmovetoy=\dimen267
\tikzleveldistance=\dimen268
\tikzsiblingdistance=\dimen269
\tikz@figbox=\box69
\tikz@figbox@bg=\box70
\tikz@tempbox=\box71
\tikz@tempbox@bg=\box72
\tikztreelevel=\count292
\tikznumberofchildren=\count293
\tikznumberofcurrentchild=\count294
\tikz@fig@count=\count295

(C:\Users\bernh\AppData\Local\Programs\MiKTeX\tex/generic/pgf/modules\pgfmodule
matrix.code.tex
File: pgfmodulematrix.code.tex 2023-01-15 v3.1.10 (3.1.10)
\pgfmatrixcurrentrow=\count296
\pgfmatrixcurrentcolumn=\count297
\pgf@matrix@numberofcolumns=\count298
)
\tikz@expandcount=\count299

(C:\Users\bernh\AppData\Local\Programs\MiKTeX\tex/generic/pgf/frontendlayer/tik
z/libraries\tikzlibrarytopaths.code.tex
File: tikzlibrarytopaths.code.tex 2023-01-15 v3.1.10 (3.1.10)
)))))
\l_ptxcd_signature_dim=\dimen270
\l_ptxcd_signature_skip=\skip71
)
(C:\Users\bernh\AppData\Local\Programs\MiKTeX\tex/latex/bfh-ci\bfh-layout-listi
ngs.cfg
File: bfh-layout-listings.cfg 2023/03/07 v2.1.5 listings configuration for bfhl
ayout

(C:\Users\bernh\AppData\Local\Programs\MiKTeX\tex/latex/koma-script\scrhack.sty
Package: scrhack 2023/07/07 v3.41 KOMA-Script package (hacking other packages)
(C:\Users\bernh\AppData\Local\Programs\MiKTeX\tex/latex/xpatch\xpatch.sty
Package: xpatch 2020/03/25 v0.3a Extending etoolbox patching commands
))
(C:\Users\bernh\AppData\Local\Programs\MiKTeX\tex/latex/listings\listings.sty
\lst@mode=\count300
\lst@gtempboxa=\box73
\lst@token=\toks39
\lst@length=\count301
\lst@currlwidth=\dimen271
\lst@column=\count302
\lst@pos=\count303
\lst@lostspace=\dimen272
\lst@width=\dimen273
\lst@newlines=\count304
\lst@lineno=\count305
\lst@maxwidth=\dimen274

(C:\Users\bernh\AppData\Local\Programs\MiKTeX\tex/latex/listings\lstmisc.sty
File: lstmisc.sty 2023/02/27 1.9 (Carsten Heinz)
\c@lstnumber=\count306
\lst@skipnumbers=\count307
\lst@framebox=\box74
)
(C:\Users\bernh\AppData\Local\Programs\MiKTeX\tex/latex/listings\listings.cfg
File: listings.cfg 2023/02/27 1.9 listings configuration
))
Package scrhack Info: loading listings hack on input line 38.

(C:\Users\bernh\AppData\Local\Programs\MiKTeX\tex/latex/koma-script\listings.ha
k
File: listings.hak 2023/07/07 v3.41 KOMA-Script scrhack part (hacking package l
istings)
Package tocbasic Info: omitting babel extension for `lol'
(tocbasic)             because of missing \bbl@set@language on input line 157.
Package scrhack Info: redefining \lstlistoflistings on input line 157.
Package scrhack Info: patching \lst@MakeCaption on input line 157.
)
Package: listings 2023/02/27 1.9 (Carsten Heinz)

(C:\Users\bernh\AppData\Local\Programs\MiKTeX\tex/latex/listings\lstlang1.sty
File: lstlang1.sty 2023/02/27 1.9 listings language file
)
(C:\Users\bernh\AppData\Local\Programs\MiKTeX\tex/latex/listings\lstlang2.sty
File: lstlang2.sty 2023/02/27 1.9 listings language file
)
(C:\Users\bernh\AppData\Local\Programs\MiKTeX\tex/latex/listings\lstlang3.sty
File: lstlang3.sty 2023/02/27 1.9 listings language file
)
(C:\Users\bernh\AppData\Local\Programs\MiKTeX\tex/latex/listings\lstmisc.sty
File: lstmisc.sty 2023/02/27 1.9 (Carsten Heinz)
))
(C:\Users\bernh\AppData\Local\Programs\MiKTeX\tex/latex/bfh-ci\bfh-layout-termi
nal.cfg
File: bfh-layout-terminal.cfg 2023/03/07 v2.1.5 terminal configuration for bfhl
ayout

(C:\Users\bernh\AppData\Local\Programs\MiKTeX\tex/latex/tcolorbox\tcolorbox.sty
Package: tcolorbox 2023/06/19 version 6.0.4 text color boxes
(C:\Users\bernh\AppData\Local\Programs\MiKTeX\tex/latex/tools\verbatim.sty
Package: verbatim 2022-07-02 v1.5u LaTeX2e package for verbatim enhancements
\every@verbatim=\toks40
\verbatim@line=\toks41
\verbatim@in@stream=\read3
)
(C:\Users\bernh\AppData\Local\Programs\MiKTeX\tex/latex/environ\environ.sty
Package: environ 2014/05/04 v0.3 A new way to define environments

(C:\Users\bernh\AppData\Local\Programs\MiKTeX\tex/latex/trimspaces\trimspaces.s
ty
Package: trimspaces 2009/09/17 v1.1 Trim spaces around a token list
))
\tcb@titlebox=\box75
\tcb@upperbox=\box76
\tcb@lowerbox=\box77
\tcb@phantombox=\box78
\c@tcbbreakpart=\count308
\c@tcblayer=\count309
\c@tcolorbox@number=\count310
\tcb@temp=\box79
\tcb@temp=\box80
\tcb@temp=\box81
\tcb@temp=\box82
) (C:\Users\bernh\AppData\Local\Programs\MiKTeX\tex/latex/url\url.sty
\Urlmuskip=\muskip17
Package: url 2013/09/16  ver 3.4  Verb mode for urls, etc.
)
(C:\Users\bernh\AppData\Local\Programs\MiKTeX\tex/latex/tcolorbox\tcbskins.code
.tex
Library (tcolorbox): 'tcbskins.code.tex' version '6.0.4'

(C:\Users\bernh\AppData\Local\Programs\MiKTeX\tex/latex/tikzfill\tikzfill.image
.sty
Package: tikzfill.image 2023/08/08 v1.0.1 Image filling library for TikZ

(C:\Users\bernh\AppData\Local\Programs\MiKTeX\tex/latex/tikzfill\tikzfill-commo
n.sty
Package: tikzfill-common 2023/08/08 v1.0.1 Auxiliary code for tikzfill
)
(C:\Users\bernh\AppData\Local\Programs\MiKTeX\tex/latex/tikzfill\tikzlibraryfil
l.image.code.tex
File: tikzlibraryfill.image.code.tex 2023/08/08 v1.0.1 Image filling library
\l__tikzfill_img_box=\box83
))
(C:\Users\bernh\AppData\Local\Programs\MiKTeX\tex/latex/tcolorbox\tcbskinsjigsa
w.code.tex
Library (tcolorbox): 'tcbskinsjigsaw.code.tex' version '6.0.4'
))
(C:\Users\bernh\AppData\Local\Programs\MiKTeX\tex/latex/tcolorbox\tcbxparse.cod
e.tex
Library (tcolorbox): 'tcbxparse.code.tex' version '6.0.4'
)
(C:\Users\bernh\AppData\Local\Programs\MiKTeX\tex/latex/tcolorbox\tcblistings.c
ode.tex
Library (tcolorbox): 'tcblistings.code.tex' version '6.0.4'

(C:\Users\bernh\AppData\Local\Programs\MiKTeX\tex/latex/tcolorbox\tcblistingsco
re.code.tex
Library (tcolorbox): 'tcblistingscore.code.tex' version '6.0.4'

(C:\Users\bernh\AppData\Local\Programs\MiKTeX\tex/latex/tcolorbox\tcbprocessing
.code.tex
Library (tcolorbox): 'tcbprocessing.code.tex' version '6.0.4'
(C:\Users\bernh\AppData\Local\Programs\MiKTeX\tex/latex/tools\shellesc.sty
Package: shellesc 2023/04/15 v1.0d unified shell escape interface for LaTeX
Package shellesc Info: Unrestricted shell escape enabled on input line 75.
))
\c@tcblisting=\count311
)))
(C:\Users\bernh\AppData\Local\Programs\MiKTeX\tex/latex/bfh-ci\bfh-layout-boxes
.cfg
File: bfh-layout-boxes.cfg 2023/03/07 v2.1.5 boxes configuration for bfhlayout

(C:\Users\bernh\AppData\Local\Programs\MiKTeX\tex/latex/fontawesome\fontawesome
.sty
Package: fontawesome 2016/05/15 v4.6.3.1 font awesome icons

(C:\Users\bernh\AppData\Local\Programs\MiKTeX\tex/latex/fontawesome\fontawesome
symbols-generic.tex)
(C:\Users\bernh\AppData\Local\Programs\MiKTeX\tex/latex/fontawesome\fontawesome
symbols-pdftex.tex)))
(C:\Users\bernh\AppData\Local\Programs\MiKTeX\tex/generic/babel\babel.sty
Package: babel 2023/09/12 v3.94 The Babel package
\babel@savecnt=\count312
\U@D=\dimen275
\l@unhyphenated=\language84

(C:\Users\bernh\AppData\Local\Programs\MiKTeX\tex/generic/babel\txtbabel.def)
\bbl@readstream=\read4
\bbl@dirlevel=\count313

*************************************
* Local config file bblopts.cfg used
*
(C:\Users\bernh\AppData\Local\Programs\MiKTeX\tex/latex/arabi\bblopts.cfg
File: bblopts.cfg 2005/09/08 v0.1 add Arabic and Farsi to "declared" options of
 babel
)
Package babel Info: Main language set with 'main='. Except if you have
(babel)             problems, prefer the default mechanism for setting
(babel)             the main language, ie, as the last declared.
(babel)             Reported on input line 4203.

(C:\Users\bernh\AppData\Local\Programs\MiKTeX\tex/generic/babel-french\french.l
df
Language: french 2023/03/08 v3.5q French support from the babel system
Package babel Info: Hyphen rules for 'acadian' set to \l@french
(babel)             (\language24). Reported on input line 91.
Package babel Info: Hyphen rules for 'canadien' set to \l@french
(babel)             (\language24). Reported on input line 92.
\FB@nonchar=\count314
Package babel Info: Making : an active character on input line 395.
Package babel Info: Making ; an active character on input line 396.
Package babel Info: Making ! an active character on input line 397.
Package babel Info: Making ? an active character on input line 398.
\FBguill@level=\count315
\FBold@everypar=\toks42
\FB@Mht=\dimen276
\mc@charclass=\count316
\mc@charfam=\count317
\mc@charslot=\count318
\std@mcc=\count319
\dec@mcc=\count320
\FB@parskip=\dimen277
\listindentFB=\dimen278
\descindentFB=\dimen279
\labelindentFB=\dimen280
\labelwidthFB=\dimen281
\leftmarginFB=\dimen282
\parindentFFN=\dimen283
\FBfnindent=\dimen284
)
(C:\Users\bernh\AppData\Local\Programs\MiKTeX\tex/latex/babel-german\ngerman.ld
f
Language: ngerman 2021/02/27 v2.13 German support for babel (post-1996 orthogra
phy)

(C:\Users\bernh\AppData\Local\Programs\MiKTeX\tex/latex/babel-german\ngermanb.l
df
Language: ngermanb 2021/02/27 v2.13 German support for babel (post-1996 orthogr
aphy)
Package babel Info: Making " an active character on input line 122.
))
(C:\Users\bernh\AppData\Local\Programs\MiKTeX\tex/latex/babel-english\english.l
df
Language: english 2017/06/06 v3.3r English support from the babel system
Package babel Info: Hyphen rules for 'canadian' set to \l@english
(babel)             (\language0). Reported on input line 102.
Package babel Info: Hyphen rules for 'australian' set to \l@ukenglish
(babel)             (\language78). Reported on input line 105.
Package babel Info: Hyphen rules for 'newzealand' set to \l@ukenglish
(babel)             (\language78). Reported on input line 108.
))
(C:\Users\bernh\AppData\Local\Programs\MiKTeX\tex/generic/babel/locale/en\babel
-english.tex
Package babel Info: Importing font and identification data for english
(babel)             from babel-en.ini. Reported on input line 11.
)
(C:\Users\bernh\AppData\Local\Programs\MiKTeX\tex/generic/babel/locale/de\babel
-ngerman.tex
Package babel Info: Importing font and identification data for ngerman
(babel)             from babel-de.ini. Reported on input line 11.
)
(C:\Users\bernh\AppData\Local\Programs\MiKTeX\tex/generic/babel/locale/fr\babel
-french.tex
Package babel Info: Importing font and identification data for french
(babel)             from babel-fr.ini. Reported on input line 11.
)
(C:\Users\bernh\AppData\Local\Programs\MiKTeX\tex/latex/carlisle\scalefnt.sty)
(C:\Users\bernh\AppData\Local\Programs\MiKTeX\tex/latex/amscls\amsthm.sty
Package: amsthm 2020/05/29 v2.20.6
\thm@style=\toks43
\thm@bodyfont=\toks44
\thm@headfont=\toks45
\thm@notefont=\toks46
\thm@headpunct=\toks47
\thm@preskip=\skip72
\thm@postskip=\skip73
\thm@headsep=\skip74
\dth@everypar=\toks48
)
Class scrbook Info: amsthm's \deferred@thm@head patched.

(C:\Users\bernh\AppData\Local\Programs\MiKTeX\tex/latex/siunitx\siunitx.sty
Package: siunitx 2023-09-01 v3.3.6 A comprehensive (SI) units package
\l__siunitx_number_uncert_offset_int=\count321
\l__siunitx_number_exponent_fixed_int=\count322
\l__siunitx_number_min_decimal_int=\count323
\l__siunitx_number_min_integer_int=\count324
\l__siunitx_number_round_precision_int=\count325
\l__siunitx_number_lower_threshold_int=\count326
\l__siunitx_number_upper_threshold_int=\count327
\l__siunitx_number_group_first_int=\count328
\l__siunitx_number_group_size_int=\count329
\l__siunitx_number_group_minimum_int=\count330
\l__siunitx_angle_tmp_dim=\dimen285
\l__siunitx_angle_marker_box=\box84
\l__siunitx_angle_unit_box=\box85
\l__siunitx_compound_count_int=\count331
\l__siunitx_table_tmp_box=\box86
\l__siunitx_table_tmp_dim=\dimen286
\l__siunitx_table_column_width_dim=\dimen287
\l__siunitx_table_integer_box=\box87
\l__siunitx_table_decimal_box=\box88
\l__siunitx_table_uncert_box=\box89
\l__siunitx_table_before_box=\box90
\l__siunitx_table_after_box=\box91
\l__siunitx_table_before_dim=\dimen288
\l__siunitx_table_carry_dim=\dimen289
\l__siunitx_unit_tmp_int=\count332
\l__siunitx_unit_position_int=\count333
\l__siunitx_unit_total_int=\count334
)
(C:\Users\bernh\AppData\Local\Programs\MiKTeX\tex/latex/float\float.sty
Package: float 2001/11/08 v1.3d Float enhancements (AL)
\c@float@type=\count335
\float@exts=\toks49
\float@box=\box92
\@float@everytoks=\toks50
\@floatcapt=\box93
)
Package scrhack Info: loading float hack on input line 38.

(C:\Users\bernh\AppData\Local\Programs\MiKTeX\tex/latex/koma-script\float.hak
File: float.hak 2023/07/07 v3.41 KOMA-Script scrhack part (hacking package floa
t)
Package scrhack Info: redefining \newfloat on input line 163.
Package scrhack Info: redefining \listof on input line 163.
Package scrhack Info: undefining \float@addtolists on input line 163.
)
(C:\Users\bernh\AppData\Local\Programs\MiKTeX\tex/latex/caption\caption.sty
Package: caption 2023/07/31 v3.6n Customizing captions (AR)

(C:\Users\bernh\AppData\Local\Programs\MiKTeX\tex/latex/caption\caption3.sty
Package: caption3 2023/07/31 v2.4d caption3 kernel (AR)
\caption@tempdima=\dimen290
\captionmargin=\dimen291
\caption@leftmargin=\dimen292
\caption@rightmargin=\dimen293
\caption@width=\dimen294
\caption@indent=\dimen295
\caption@parindent=\dimen296
\caption@hangindent=\dimen297
Package caption Info: KOMA-Script document class detected.
Package caption Info: french babel package is loaded.

(C:\Users\bernh\AppData\Local\Programs\MiKTeX\tex/latex/caption\caption-koma.st
o
File: caption-koma.sto 2022/12/27 v2.0c Adaption of the caption package to the 
KOMA-Script document classes (AR)
))
\c@caption@flags=\count336
\c@continuedfloat=\count337
Package caption Info: float package is loaded.
Package caption Info: listings package is loaded.
Package caption Info: KOMA-Script scrextend package detected.
\caption@addmargin@hsize=\dimen298
\caption@addmargin@linewidth=\dimen299
)
(C:\Users\bernh\AppData\Local\Programs\MiKTeX\tex/latex/caption\subcaption.sty
Package: subcaption 2023/07/28 v1.6b Sub-captions (AR)
Package caption Info: New subtype `subfigure' on input line 238.
\c@subfigure=\count338
Package caption Info: New subtype `subtable' on input line 238.
\c@subtable=\count339
) (C:\Users\bernh\AppData\Local\Programs\MiKTeX\tex/latex/cite\cite.sty
LaTeX Info: Redefining \cite on input line 302.
LaTeX Info: Redefining \nocite on input line 332.
Package: cite 2015/02/27  v 5.5
)
(C:\Users\bernh\AppData\Local\Programs\MiKTeX\tex/latex/wrapfig\wrapfig.sty
\wrapoverhang=\dimen300
\WF@size=\dimen301
\c@WF@wrappedlines=\count340
\WF@box=\box94
\WF@everypar=\toks51
Package: wrapfig 2003/01/31  v 3.6
)
(C:\Users\bernh\AppData\Local\Programs\MiKTeX\tex/latex/base\exscale.sty
Package: exscale 2018/09/24 v2.1i Standard LaTeX package exscale
LaTeX Font Info:    Redeclaring symbol font `largesymbols' on input line 57.
LaTeX Font Info:    Overwriting symbol font `largesymbols' in version `normal'
(Font)                  OMX/cmex/m/n --> OMX/cmex/m/n on input line 57.
LaTeX Font Info:    Overwriting symbol font `largesymbols' in version `bold'
(Font)                  OMX/cmex/m/n --> OMX/cmex/m/n on input line 57.
\big@size=\dimen302
)
(C:\Users\bernh\AppData\Local\Programs\MiKTeX\tex/latex/multirow\multirow.sty
Package: multirow 2021/03/15 v2.8 Span multiple rows of a table
\multirow@colwidth=\skip75
\multirow@cntb=\count341
\multirow@dima=\skip76
\bigstrutjot=\dimen303
)
(C:\Users\bernh\AppData\Local\Programs\MiKTeX\tex/latex/tools\multicol.sty
Package: multicol 2023/03/30 v1.9f multicolumn formatting (FMi)
\c@tracingmulticols=\count342
\mult@box=\box95
\multicol@leftmargin=\dimen304
\c@unbalance=\count343
\c@collectmore=\count344
\doublecol@number=\count345
\multicoltolerance=\count346
\multicolpretolerance=\count347
\full@width=\dimen305
\page@free=\dimen306
\premulticols=\dimen307
\postmulticols=\dimen308
\multicolsep=\skip77
\multicolbaselineskip=\skip78
\partial@page=\box96
\last@line=\box97
\mc@boxedresult=\box98
\maxbalancingoverflow=\dimen309
\mult@rightbox=\box99
\mult@grightbox=\box100
\mult@firstbox=\box101
\mult@gfirstbox=\box102
\@tempa=\box103
\@tempa=\box104
\@tempa=\box105
\@tempa=\box106
\@tempa=\box107
\@tempa=\box108
\@tempa=\box109
\@tempa=\box110
\@tempa=\box111
\@tempa=\box112
\@tempa=\box113
\@tempa=\box114
\@tempa=\box115
\@tempa=\box116
\@tempa=\box117
\@tempa=\box118
\@tempa=\box119
\@tempa=\box120
\@tempa=\box121
\@tempa=\box122
\@tempa=\box123
\@tempa=\box124
\@tempa=\box125
\@tempa=\box126
\@tempa=\box127
\@tempa=\box128
\@tempa=\box129
\@tempa=\box130
\@tempa=\box131
\@tempa=\box132
\@tempa=\box133
\@tempa=\box134
\@tempa=\box135
\@tempa=\box136
\@tempa=\box137
\@tempa=\box138
\c@minrows=\count348
\c@columnbadness=\count349
\c@finalcolumnbadness=\count350
\last@try=\dimen310
\multicolovershoot=\dimen311
\multicolundershoot=\dimen312
\mult@nat@firstbox=\box139
\colbreak@box=\box140
\mc@col@check@num=\count351
)
(C:\Users\bernh\AppData\Local\Programs\MiKTeX\tex/latex/tools\longtable.sty
Package: longtable 2021-09-01 v4.17 Multi-page Table package (DPC)
\LTleft=\skip79
\LTright=\skip80
\LTpre=\skip81
\LTpost=\skip82
\LTchunksize=\count352
\LTcapwidth=\dimen313
\LT@head=\box141
\LT@firsthead=\box142
\LT@foot=\box143
\LT@lastfoot=\box144
\LT@gbox=\box145
\LT@cols=\count353
\LT@rows=\count354
\c@LT@tables=\count355
\c@LT@chunks=\count356
\LT@p@ftn=\toks52
)
Class scrbook Info: longtable captions redefined on input line 49.


Class scrbook Warning: Usage of package `parskip' together
(scrbook)              with a KOMA-Script class is not recommended.
(scrbook)              I'd suggest to use option
(scrbook)              `parskip' with one of it's several values.
(scrbook)              Nevertheless, using requested
(scrbook)              package `parskip' on input line 51.

(C:\Users\bernh\AppData\Local\Programs\MiKTeX\tex/latex/parskip\parskip.sty
Package: parskip 2021-03-14 v2.0h non-zero parskip adjustments

(C:\Users\bernh\AppData\Local\Programs\MiKTeX\tex/latex/kvoptions\kvoptions.sty
Package: kvoptions 2022-06-15 v3.15 Key value format for package options (HO)
)
Couldn't patch \@startsection
)
(C:\Users\bernh\AppData\Local\Programs\MiKTeX\tex/latex/blindtext\blindtext.sty
Package: blindtext 2012/01/06 V2.0 blindtext-Package
(C:\Users\bernh\AppData\Local\Programs\MiKTeX\tex/latex/tools\xspace.sty
Package: xspace 2014/10/28 v1.13 Space after command names (DPC,MH)
)
\c@blindtext=\count357
\c@Blindtext=\count358
\c@blind@countparstart=\count359
\blind@countxx=\count360
\blindtext@numBlindtext=\count361
\blind@countyy=\count362
\c@blindlist=\count363
\c@blindlistlevel=\count364
\c@blindlist@level=\count365
\blind@listitem=\count366
\c@blind@listcount=\count367
\c@blind@levelcount=\count368
\blind@mathformula=\count369
\blind@Mathformula=\count370
\c@blind@randomcount=\count371
\c@blind@randommax=\count372
\c@blind@pangramcount=\count373
\c@blind@pangrammax=\count374
)
(C:\Users\bernh\AppData\Local\Programs\MiKTeX\tex/latex/letltxmacro\letltxmacro
.sty
Package: letltxmacro 2019/12/03 v1.6 Let assignment for LaTeX macros (HO)
)
(C:\Users\bernh\AppData\Local\Programs\MiKTeX\tex/latex/glossaries-extra\glossa
ries-extra.sty
Package: glossaries-extra 2023/06/28 v1.52 (NLCT)

(C:\Users\bernh\AppData\Local\Programs\MiKTeX\tex/latex/glossaries/base\glossar
ies.sty
Package: glossaries 2022/11/03 v4.52 (NLCT)

(C:\Users\bernh\AppData\Local\Programs\MiKTeX\tex/latex/mfirstuc\mfirstuc.sty
Package: mfirstuc 2022/10/14 v2.08 (NLCT)
\@glsmfirst=\toks53
\@glsmrest=\toks54
)
(C:\Users\bernh\AppData\Local\Programs\MiKTeX\tex/latex/xfor\xfor.sty
Package: xfor 2009/02/05 v1.05 (NLCT)
)
(C:\Users\bernh\AppData\Local\Programs\MiKTeX\tex/latex/datatool\datatool-base.
sty
Package: datatool-base 2019/09/27 v2.32 (NLCT)
 (C:\Users\bernh\AppData\Local\Programs\MiKTeX\tex/latex/substr\substr.sty
Package: substr 2009/10/20 v1.2 Handle substrings
\c@su@anzahl=\count375
)
(C:\Users\bernh\AppData\Local\Programs\MiKTeX\tex/latex/datatool\datatool-fp.st
y
Package: datatool-fp 2019/09/27 v2.32 (NLCT)
 (C:\Users\bernh\AppData\Local\Programs\MiKTeX\tex/latex/fp\fp.sty
Package: fp 1995/04/02

`Fixed Point Package', Version 0.8, April 2, 1995 (C) Michael Mehlich
(C:\Users\bernh\AppData\Local\Programs\MiKTeX\tex/latex/fp\defpattern.sty
Package: defpattern 1994/10/12
\actioncount=\count376
)
(C:\Users\bernh\AppData\Local\Programs\MiKTeX\tex/latex/fp\fp-basic.sty
Package: fp-basic 1996/05/13
\FP@xs=\count377
\FP@xia=\count378
\FP@xib=\count379
\FP@xfa=\count380
\FP@xfb=\count381
\FP@rega=\count382
\FP@regb=\count383
\FP@regs=\count384
\FP@times=\count385
)
(C:\Users\bernh\AppData\Local\Programs\MiKTeX\tex/latex/fp\fp-addons.sty
Package: fp-addons 1995/03/15
)
(C:\Users\bernh\AppData\Local\Programs\MiKTeX\tex/latex/fp\fp-snap.sty
Package: fp-snap 1995/04/05
)
(C:\Users\bernh\AppData\Local\Programs\MiKTeX\tex/latex/fp\fp-exp.sty
Package: fp-exp 1995/04/03
)
(C:\Users\bernh\AppData\Local\Programs\MiKTeX\tex/latex/fp\fp-trigo.sty
Package: fp-trigo 1995/04/14
)
(C:\Users\bernh\AppData\Local\Programs\MiKTeX\tex/latex/fp\fp-pas.sty
Package: fp-pas 1994/08/29
)
(C:\Users\bernh\AppData\Local\Programs\MiKTeX\tex/latex/fp\fp-random.sty
Package: fp-random 1995/02/23
\FPseed=\count386
)
(C:\Users\bernh\AppData\Local\Programs\MiKTeX\tex/latex/fp\fp-eqn.sty
Package: fp-eqn 1995/04/03
)
(C:\Users\bernh\AppData\Local\Programs\MiKTeX\tex/latex/fp\fp-upn.sty
Package: fp-upn 1996/10/21
)
(C:\Users\bernh\AppData\Local\Programs\MiKTeX\tex/latex/fp\fp-eval.sty
Package: fp-eval 1995/04/03
)))
\@dtl@toks=\toks55
\@dtl@tmpcount=\count387
\dtl@tmplength=\skip83
\dtl@sortresult=\count388
\@dtl@numgrpsepcount=\count389
\@dtl@datatype=\count390
\dtl@codeA=\count391
\dtl@codeB=\count392
\@dtl@foreach@level=\count393
)
(C:\Users\bernh\AppData\Local\Programs\MiKTeX\tex/latex/tracklang\tracklang.sty
Package: tracklang 2022/12/13 v1.6.1 (NLCT) Track Languages

(C:\Users\bernh\AppData\Local\Programs\MiKTeX\tex/generic/tracklang\tracklang.t
ex))
(C:\Users\bernh\AppData\Local\Programs\MiKTeX\tex/latex/glossaries-english\glos
saries-english.ldf
File: glossaries-english.ldf 2014/11/23 v1.0
)
(C:\Users\bernh\AppData\Local\Programs\MiKTeX\tex/latex/glossaries-german\gloss
aries-german.ldf
File: glossaries-german.ldf 2014/11/23 v1.0
)
(C:\Users\bernh\AppData\Local\Programs\MiKTeX\tex/latex/glossaries-french\gloss
aries-french.ldf
File: glossaries-french.ldf 2016/12/12 v1.1
)
\gls@level=\count394
\@gls@tmpb=\toks56
\gls@tmplen=\skip84
\glskeylisttok=\toks57
\glslabeltok=\toks58
\glsshorttok=\toks59
\glslongtok=\toks60

(C:\Users\bernh\AppData\Local\Programs\MiKTeX\tex/latex/glossaries/styles\gloss
ary-hypernav.sty
Package: glossary-hypernav 2022/11/03 v4.52 (NLCT)
)
(C:\Users\bernh\AppData\Local\Programs\MiKTeX\tex/latex/glossaries/styles\gloss
ary-list.sty
Package: glossary-list 2022/11/03 v4.52 (NLCT)
\glslistdottedwidth=\skip85
)
(C:\Users\bernh\AppData\Local\Programs\MiKTeX\tex/latex/glossaries/styles\gloss
ary-long.sty
Package: glossary-long 2022/11/03 v4.52 (NLCT)
\glsdescwidth=\skip86
\glspagelistwidth=\skip87
)
(C:\Users\bernh\AppData\Local\Programs\MiKTeX\tex/latex/glossaries/styles\gloss
ary-super.sty
Package: glossary-super 2022/11/03 v4.52 (NLCT)

(C:\Users\bernh\AppData\Local\Programs\MiKTeX\tex/latex/supertabular\supertabul
ar.sty
Package: supertabular 2020/02/02 v4.1g the supertabular environment
\c@tracingst=\count395
\ST@wd=\dimen314
\ST@rightskip=\skip88
\ST@leftskip=\skip89
\ST@parfillskip=\skip90
\ST@pageleft=\dimen315
\ST@headht=\dimen316
\ST@tailht=\dimen317
\ST@pagesofar=\dimen318
\ST@pboxht=\dimen319
\ST@lineht=\dimen320
\ST@prevht=\dimen321
\ST@toadd=\dimen322
\ST@dimen=\dimen323
\ST@pbox=\box146
))
(C:\Users\bernh\AppData\Local\Programs\MiKTeX\tex/latex/glossaries/styles\gloss
ary-tree.sty
Package: glossary-tree 2022/11/03 v4.52 (NLCT)
\glstreeindent=\skip91
))
\@glsxtr@leveloffset=\count396
\glsxtrresourcecount=\count397
\@glsxtrnewgls@inner=\count398
\glsshortpltok=\toks61
\glslongpltok=\toks62

(C:\Users\bernh\AppData\Local\Programs\MiKTeX\tex/latex/glossaries-extra\glossa
ries-extra-abbrstyles.def
File: glossaries-extra-abbrstyles.def 2023/06/28 v1.52 (NLCT)
)
\mglselementindex=\count399
)
\glswrite=\write4
\glo@main@file=\write5
\openout5 = `bfhthesis.glo'.

Package glossaries Info: Writing glossary file bfhthesis.glo on input line 83.
 (content/glossary.tex)
(C:\Users\bernh\AppData\Local\Programs\MiKTeX\tex/latex/base\makeidx.sty
Package: makeidx 2021/10/04 v1.0m Standard LaTeX package
)
\@indexfile=\write6
\openout6 = `bfhthesis.idx'.


Writing index file bfhthesis.idx
Package scrhack Info: hyperref hack deactivated because of
(scrhack)             detection of KOMA-Script class, that doesn't
(scrhack)             need that hack, on input line 111.
(C:\Users\bernh\AppData\Local\Programs\MiKTeX\tex/latex/hyperref\hyperref.sty
Package: hyperref 2023-07-08 v7.01b Hypertext links for LaTeX

(C:\Users\bernh\AppData\Local\Programs\MiKTeX\tex/generic/pdfescape\pdfescape.s
ty
Package: pdfescape 2019/12/09 v1.15 Implements pdfTeX's escape features (HO)
) (C:\Users\bernh\AppData\Local\Programs\MiKTeX\tex/latex/hycolor\hycolor.sty
Package: hycolor 2020-01-27 v1.10 Color options for hyperref/bookmark (HO)
) (C:\Users\bernh\AppData\Local\Programs\MiKTeX\tex/latex/hyperref\nameref.sty
Package: nameref 2023-08-07 v2.53 Cross-referencing by name of section

(C:\Users\bernh\AppData\Local\Programs\MiKTeX\tex/latex/refcount\refcount.sty
Package: refcount 2019/12/15 v3.6 Data extraction from label references (HO)
)
(C:\Users\bernh\AppData\Local\Programs\MiKTeX\tex/generic/gettitlestring\gettit
lestring.sty
Package: gettitlestring 2019/12/15 v1.6 Cleanup title references (HO)
)
\c@section@level=\count400
)
\@linkdim=\dimen324
\Hy@linkcounter=\count401
\Hy@pagecounter=\count402

(C:\Users\bernh\AppData\Local\Programs\MiKTeX\tex/latex/hyperref\pd1enc.def
File: pd1enc.def 2023-07-08 v7.01b Hyperref: PDFDocEncoding definition (HO)
Now handling font encoding PD1 ...
... no UTF-8 mapping file for font encoding PD1
)
(C:\Users\bernh\AppData\Local\Programs\MiKTeX\tex/generic/intcalc\intcalc.sty
Package: intcalc 2019/12/15 v1.3 Expandable calculations with integers (HO)
)
\Hy@SavedSpaceFactor=\count403

(C:\Users\bernh\AppData\Local\Programs\MiKTeX\tex/latex/hyperref\puenc.def
File: puenc.def 2023-07-08 v7.01b Hyperref: PDF Unicode definition (HO)
Now handling font encoding PU ...
... no UTF-8 mapping file for font encoding PU
)
Package hyperref Info: Option `bookmarks' set `true' on input line 4050.
Package hyperref Info: Option `plainpages' set `false' on input line 4050.
Package hyperref Info: Option `pdfpagelabels' set `true' on input line 4050.
Package hyperref Info: Option `pdfusetitle' set `true' on input line 4050.
Package hyperref Info: Option `colorlinks' set `true' on input line 4050.
Package hyperref Info: Option `hypertexnames' set `true' on input line 4050.
Package hyperref Info: Option `bookmarksopen' set `true' on input line 4050.
Package hyperref Info: Hyper figures OFF on input line 4167.
Package hyperref Info: Link nesting OFF on input line 4172.
Package hyperref Info: Hyper index ON on input line 4175.
Package hyperref Info: Plain pages OFF on input line 4182.
Package hyperref Info: Backreferencing OFF on input line 4187.
Package hyperref Info: Implicit mode ON; LaTeX internals redefined.
Package hyperref Info: Bookmarks ON on input line 4434.
\c@Hy@tempcnt=\count404
LaTeX Info: Redefining \url on input line 4772.
\XeTeXLinkMargin=\dimen325

(C:\Users\bernh\AppData\Local\Programs\MiKTeX\tex/generic/bitset\bitset.sty
Package: bitset 2019/12/09 v1.3 Handle bit-vector datatype (HO)

(C:\Users\bernh\AppData\Local\Programs\MiKTeX\tex/generic/bigintcalc\bigintcalc
.sty
Package: bigintcalc 2019/12/15 v1.5 Expandable calculations on big integers (HO
)
))
\Fld@menulength=\count405
\Field@Width=\dimen326
\Fld@charsize=\dimen327
Package hyperref Info: Hyper figures OFF on input line 6051.
Package hyperref Info: Link nesting OFF on input line 6056.
Package hyperref Info: Hyper index ON on input line 6059.
Package hyperref Info: backreferencing OFF on input line 6066.
Package hyperref Info: Link coloring ON on input line 6069.
Package hyperref Info: Link coloring with OCG OFF on input line 6076.
Package hyperref Info: PDF/A mode OFF on input line 6081.

(C:\Users\bernh\AppData\Local\Programs\MiKTeX\tex/latex/base\atbegshi-ltx.sty
Package: atbegshi-ltx 2021/01/10 v1.0c Emulation of the original atbegshi
package with kernel methods
)
\Hy@abspage=\count406
\c@Item=\count407
\c@Hfootnote=\count408
)
Package hyperref Info: Driver (autodetected): hpdftex.
(C:\Users\bernh\AppData\Local\Programs\MiKTeX\tex/latex/hyperref\hpdftex.def
File: hpdftex.def 2023-07-08 v7.01b Hyperref driver for pdfTeX

(C:\Users\bernh\AppData\Local\Programs\MiKTeX\tex/latex/base\atveryend-ltx.sty
Package: atveryend-ltx 2020/08/19 v1.0a Emulation of the original atveryend pac
kage
with kernel methods
)
\HyAnn@Count=\count409
\Fld@listcount=\count410
\c@bookmark@seq@number=\count411

(C:\Users\bernh\AppData\Local\Programs\MiKTeX\tex/latex/rerunfilecheck\rerunfil
echeck.sty
Package: rerunfilecheck 2022-07-10 v1.10 Rerun checks for auxiliary files (HO)

(C:\Users\bernh\AppData\Local\Programs\MiKTeX\tex/generic/uniquecounter\uniquec
ounter.sty
Package: uniquecounter 2019/12/15 v1.4 Provide unlimited unique counter (HO)
)
Package uniquecounter Info: New unique counter `rerunfilecheck' on input line 2
85.
)
\Hy@SectionHShift=\skip92
) (bfhthesis.aux)
\openout1 = `bfhthesis.aux'.

LaTeX Font Info:    Checking defaults for OML/cmm/m/it on input line 130.
LaTeX Font Info:    ... okay on input line 130.
LaTeX Font Info:    Checking defaults for OMS/cmsy/m/n on input line 130.
LaTeX Font Info:    ... okay on input line 130.
LaTeX Font Info:    Checking defaults for OT1/cmr/m/n on input line 130.
LaTeX Font Info:    ... okay on input line 130.
LaTeX Font Info:    Checking defaults for T1/cmr/m/n on input line 130.
LaTeX Font Info:    ... okay on input line 130.
LaTeX Font Info:    Checking defaults for TS1/cmr/m/n on input line 130.
LaTeX Font Info:    ... okay on input line 130.
LaTeX Font Info:    Checking defaults for OMX/cmex/m/n on input line 130.
LaTeX Font Info:    ... okay on input line 130.
LaTeX Font Info:    Checking defaults for U/cmr/m/n on input line 130.
LaTeX Font Info:    ... okay on input line 130.
LaTeX Font Info:    Checking defaults for LY1/ptm/m/n on input line 130.
LaTeX Font Info:    Trying to load font information for LY1+ptm on input line 1
30.

(C:\Users\bernh\AppData\Local\Programs\MiKTeX\tex/latex/ly1\ly1ptm.fd
File: ly1ptm.fd 2001/02/01 font definitions for LY1/ptm using Berry names.
)
LaTeX Font Info:    ... okay on input line 130.
LaTeX Font Info:    Checking defaults for PD1/pdf/m/n on input line 130.
LaTeX Font Info:    ... okay on input line 130.
LaTeX Font Info:    Checking defaults for PU/pdf/m/n on input line 130.
LaTeX Font Info:    ... okay on input line 130.
Package scrbase Info: activating english \partname on input line 130.
Package scrbase Info: activating english \chaptername on input line 130.
Package scrbase Info: activating english \appendixname on input line 130.
Package scrbase Info: activating english \figurename on input line 130.
Package scrbase Info: activating english \tablename on input line 130.
Package scrbase Info: activating english \contentsname on input line 130.
Package scrbase Info: activating english \listfigurename on input line 130.
Package scrbase Info: activating english \listtablename on input line 130.
Package scrbase Info: activating english \bibname on input line 130.
Package scrbase Info: activating english \indexname on input line 130.

(C:\Users\bernh\AppData\Local\Programs\MiKTeX\tex/context/base/mkii\supp-pdf.mk
ii
[Loading MPS to PDF converter (version 2006.09.02).]
\scratchcounter=\count412
\scratchdimen=\dimen328
\scratchbox=\box147
\nofMPsegments=\count413
\nofMParguments=\count414
\everyMPshowfont=\toks63
\MPscratchCnt=\count415
\MPscratchDim=\dimen329
\MPnumerator=\count416
\makeMPintoPDFobject=\count417
\everyMPtoPDFconversion=\toks64
)
(C:\Users\bernh\AppData\Local\Programs\MiKTeX\tex/latex/epstopdf-pkg\epstopdf-b
ase.sty
Package: epstopdf-base 2020-01-24 v2.11 Base part for package epstopdf
Package epstopdf-base Info: Redefining graphics rule for `.eps' on input line 4
85.

(C:\Users\bernh\AppData\Local\Programs\MiKTeX\tex/latex/00miktex\epstopdf-sys.c
fg
File: epstopdf-sys.cfg 2021/03/18 v2.0 Configuration of epstopdf for MiKTeX
))
(C:\Users\bernh\AppData\Local\Programs\MiKTeX\tex/latex/bfh-ci\bfhtranslations-
english.trsl
File: bfhtranslations-english.trsl (english translation file `bfhtranslations')
 2022/03/01
)
Package translations Info: loading dictionary `bfhtranslations' for `english'. 
on input line 130.

(C:\Users\bernh\AppData\Local\Programs\MiKTeX\tex/latex/translations/dicts\tran
slations-basic-dictionary-english.trsl
File: translations-basic-dictionary-english.trsl (english translation file `tra
nslations-basic-dictionary')
)
Package translations Info: loading dictionary `translations-basic-dictionary' f
or `english'. on input line 130.

(C:\Users\bernh\AppData\Local\Programs\MiKTeX\tex/latex/translations/dicts\tran
slations-basic-dictionary-german.trsl
File: translations-basic-dictionary-german.trsl (german translation file `trans
lations-basic-dictionary')
)
Package translations Info: loading dictionary `translations-basic-dictionary' f
or `german'. on input line 130.

(C:\Users\bernh\AppData\Local\Programs\MiKTeX\tex/latex/translations/dicts\tran
slations-basic-dictionary-french.trsl
File: translations-basic-dictionary-french.trsl (french translation file `trans
lations-basic-dictionary')
)
Package translations Info: loading dictionary `translations-basic-dictionary' f
or `french'. on input line 130.
\c@mv@tabular=\count418
\c@mv@boldtabular=\count419
\c@lstlisting=\count420
Package scrhack Info: undefining \float@addtolists on input line 130.
LaTeX Info: Redefining \degres on input line 130.


Package french.ldf Warning: Please load the "listings" package
(french.ldf)                AFTER babel/french; reported on input line 130.

LaTeX Info: Redefining \up on input line 130.
Package caption Info: Begin \AtBeginDocument code.
Package caption Info: hyperref package is loaded.
Package caption Info: longtable package is loaded.
(C:\Users\bernh\AppData\Local\Programs\MiKTeX\tex/latex/caption\ltcaption.sty
Package: ltcaption 2021/01/08 v1.4c longtable captions (AR)
)
Package caption Info: supertabular package is loaded.
Package caption Info: wrapfig package is loaded.
Package caption Info: End \AtBeginDocument code.

Couldn't patch \deferred@thm@head!
Package hyperref Info: Link coloring ON on input line 130.
(bfhthesis.out) (bfhthesis.out)
\@outlinefile=\write7
\openout7 = `bfhthesis.out'.

Class scrbook Info: loading recommended package `bookmark'.
(scrbook)           Using `bookmark' together with `hyperref' is recommended,
(scrbook)           because of handling of possible bookmark level gaps.
(scrbook)           You can avoid loading `bookmark' with KOMA-Script option
(scrbook)           `bookmarkpackage=false' before \begin{document} and
(scrbook)           you can avoid this message adding:
(scrbook)             \usepackage{bookmark}
(scrbook)           before \begin{document} on input line 130.

(C:\Users\bernh\AppData\Local\Programs\MiKTeX\tex/latex/bookmark\bookmark.sty
Package: bookmark 2020-11-06 v1.29 PDF bookmarks (HO)

(C:\Users\bernh\AppData\Local\Programs\MiKTeX\tex/latex/bookmark\bkm-pdftex.def
File: bkm-pdftex.def 2020-11-06 v1.29 bookmark driver for pdfTeX (HO)
\BKM@id=\count421
))
LaTeX Font Info:    Font shape `T1/Nunito-TOsF/b/n' will be
(Font)              scaled to size 10.95pt on input line 155.
LaTeX Font Info:    Font shape `T1/Nunito-TOsF/b/n' will be
(Font)              scaled to size 24.88pt on input line 155.
LaTeX Font Info:    Font shape `T1/Nunito-TOsF/b/n' will be
(Font)              scaled to size 12.0pt on input line 155.
LaTeX Font Info:    External font `cmex7' loaded for size
(Font)              <6> on input line 155.
LaTeX Font Info:    Trying to load font information for U+msa on input line 155
.
 (C:\Users\bernh\AppData\Local\Programs\MiKTeX\tex/latex/amsfonts\umsa.fd
File: umsa.fd 2013/01/14 v3.01 AMS symbols A
)
LaTeX Font Info:    Trying to load font information for U+msb on input line 155
.

(C:\Users\bernh\AppData\Local\Programs\MiKTeX\tex/latex/amsfonts\umsb.fd
File: umsb.fd 2013/01/14 v3.01 AMS symbols B
)
Overfull \hbox (6.0pt too wide) in paragraph at lines 155--155
[][] 
 []

<pictures/Scene_1.png, id=6, 450.483pt x 269.20575pt>
File: pictures/Scene_1.png Graphic file (type png)
<use pictures/Scene_1.png>
Package pdftex.def Info: pictures/Scene_1.png  used on input line 155.
(pdftex.def)             Requested size: 450.48189pt x 269.20508pt.
[1{C:/Users/bernh/AppData/Local/MiKTeX/fonts/map/pdftex/pdftex.map}{C:/Users/be
rnh/AppData/Local/Programs/MiKTeX/fonts/enc/dvips/nunito/a_nr4mc7.enc}

\openout4 = `bfhthesis.ist'.





 <./pictures/Scene_1.png>] [2

]
chapter without number
LaTeX Font Info:    Font shape `T1/Nunito-TOsF/b/n' will be
(Font)              scaled to size 20.74pt on input line 155.
(content/abstract.tex
Overfull \hbox (8.9037pt too wide) in paragraph at lines 2--3
\T1/SourceSerifPro-LF/m/n/10.95 sicht-bare Ob-jekte sich mit der Po-si-tion des
 Be-tra-chters per-spek-tivisch ver-schieben.
 []

)
LaTeX Font Info:    Font shape `T1/SourceSerifPro-LF/m/n' will be
(Font)              scaled to size 9.0pt on input line 159.
LaTeX Font Info:    External font `cmex7' loaded for size
(Font)              <5> on input line 159.
LaTeX Font Info:    Font shape `T1/Nunito-TOsF/m/n' will be
(Font)              scaled to size 9.0pt on input line 159.
LaTeX Font Info:    Font shape `T1/Nunito-TOsF/b/n' will be
(Font)              scaled to size 9.0pt on input line 159.
LaTeX Font Info:    Font shape `T1/Nunito-TOsF/b/n' will be
(Font)              scaled to size 10.0pt on input line 159.
 [3




{C:/Users/bernh/AppData/Local/Programs/MiKTeX/fonts/enc/dvips/sourceserifpro/a_
rlbtkr.enc}] [4


] (bfhthesis.toc [5])
\tf@toc=\write8
\openout8 = `bfhthesis.toc'.

 [6]
chapter 1.
(content/introduction.tex
LaTeX Font Info:    Font shape `T1/Nunito-TOsF/b/n' will be
(Font)              scaled to size 14.4pt on input line 1.
) (content/methods.tex
Overfull \hbox (8.10931pt too wide) in paragraph at lines 3--1
\T1/SourceSerifPro-LF/m/n/10.95 vor, der Be-tra-chter steht et-was ver-wirrt vo
r diesem Screen und be-greift erst allmh-
 []

<pictures/435d.png, id=108, 1445.4pt x 640.3925pt>
File: pictures/435d.png Graphic file (type png)
<use pictures/435d.png>
Package pdftex.def Info: pictures/435d.png  used on input line 8.
(pdftex.def)             Requested size: 233.03047pt x 103.23685pt.

Underfull \vbox (badness 10000) has occurred while \output is active []

 [1




]
<pictures/435d_back.jpg, id=114, 1405.25pt x 606.265pt>
File: pictures/435d_back.jpg Graphic file (type jpg)
<use pictures/435d_back.jpg>
Package pdftex.def Info: pictures/435d_back.jpg  used on input line 18.
(pdftex.def)             Requested size: 233.03047pt x 100.52895pt.

Overfull \hbox (6.99182pt too wide) in paragraph at lines 23--26
[]\T1/SourceSerifPro-LF/m/n/10.95 Die Global-Shutter-Sensoren haben eine hohe L
ichtempfind-lichkeit bei schlechten
 []


Overfull \hbox (1.25899pt too wide) in paragraph at lines 23--26
\T1/SourceSerifPro-LF/m/n/10.95 Die Lichtver-hlt-nisse in einem Raum der kn-s
tlich beleuchtet wer-den kann, spie-
 []


Overfull \hbox (0.80806pt too wide) in paragraph at lines 31--32
\T1/SourceSerifPro-LF/m/n/10.95 Der In-tel Re-alSense Viewer hat zwei Frames di
e er anzeigen kann, den RGB Frame
 []

<pictures/depth_sensor.png, id=116, 925.65825pt x 497.4585pt>
File: pictures/depth_sensor.png Graphic file (type png)
<use pictures/depth_sensor.png>
Package pdftex.def Info: pictures/depth_sensor.png  used on input line 34.
(pdftex.def)             Requested size: 233.03047pt x 125.22964pt.
[2 <./pictures/435d.png> <./pictures/435d_back.jpg>] [3 <./pictures/depth_senso
r.png>]
<pictures/nuitrack_features.png, id=141, 961.79324pt x 454.69875pt>
File: pictures/nuitrack_features.png Graphic file (type png)
<use pictures/nuitrack_features.png>
Package pdftex.def Info: pictures/nuitrack_features.png  used on input line 58.

(pdftex.def)             Requested size: 388.38017pt x 183.61081pt.

Overfull \hbox (3.6903pt too wide) in paragraph at lines 68--71
\T1/SourceSerifPro-LF/m/n/10.95 Informationen zu OpenCV finden sich unter: [][]
https://opencv.org/[][] und fr das Unity
 []


Underfull \vbox (badness 6559) has occurred while \output is active []

 [4 <./pictures/nuitrack_features.png>]
<pictures/homography.png, id=157, 934.49126pt x 457.71pt>
File: pictures/homography.png Graphic file (type png)
<use pictures/homography.png>
Package pdftex.def Info: pictures/homography.png  used on input line 77.
(pdftex.def)             Requested size: 233.03047pt x 114.13388pt.

Underfull \hbox (badness 10000) in paragraph at lines 82--83

 []

<pictures/homography_abbildung.png, id=158, 338.4645pt x 97.5645pt>
File: pictures/homography_abbildung.png Graphic file (type png)
<use pictures/homography_abbildung.png>
Package pdftex.def Info: pictures/homography_abbildung.png  used on input line 
86.
(pdftex.def)             Requested size: 233.03047pt x 67.17366pt.
[5 <./pictures/homography.png> <./pictures/homography_abbildung.png>]
<pictures/homography_gleichungssystem.png, id=168, 425.79076pt x 165.61874pt>
File: pictures/homography_gleichungssystem.png Graphic file (type png)
<use pictures/homography_gleichungssystem.png>
Package pdftex.def Info: pictures/homography_gleichungssystem.png  used on inpu
t line 96.
(pdftex.def)             Requested size: 233.03047pt x 90.64075pt.
) [6 <./pictures/homography_gleichungssystem.png>]
chapter 2.
(content/expl_fragments.tex
LaTeX Font Info:    Font shape `T1/SourceSerifPro-LF/b/n' will be
(Font)              scaled to size 10.95pt on input line 4.

Overfull \hbox (6.30762pt too wide) in paragraph at lines 11--12
\T1/SourceSerifPro-LF/m/n/10.95 Das Tu-to-rial ist gut beschrieben und lsst si
ch genau so um-set-zen wie beschrieben. 
 []

<pictures/Screen.png, id=182, 787.743pt x 419.76825pt>
File: pictures/Screen.png Graphic file (type png)
<use pictures/Screen.png>
Package pdftex.def Info: pictures/Screen.png  used on input line 16.
(pdftex.def)             Requested size: 388.38017pt x 206.96286pt.

Underfull \vbox (badness 10000) has occurred while \output is active []

 [7


]
Underfull \vbox (badness 1331) has occurred while \output is active []

 [8 <./pictures/Screen.png>]
<pictures/RawImage.png, id=201, 1145.4795pt x 501.072pt>
File: pictures/RawImage.png Graphic file (type png)
<use pictures/RawImage.png>
Package pdftex.def Info: pictures/RawImage.png  used on input line 39.
(pdftex.def)             Requested size: 388.38017pt x 169.88818pt.


LaTeX Warning: Reference `fig:RawImage' on page 9 undefined on input line 44.

<pictures/Rotationsshader.png, id=202, 394.47375pt x 437.83575pt>
File: pictures/Rotationsshader.png Graphic file (type png)
<use pictures/Rotationsshader.png>
Package pdftex.def Info: pictures/Rotationsshader.png  used on input line 52.
(pdftex.def)             Requested size: 310.70532pt x 344.8576pt.

Underfull \vbox (badness 10000) has occurred while \output is active []

 [9 <./pictures/RawImage.png>]
Overfull \hbox (1.69435pt too wide) in paragraph at lines 63--65
\T1/SourceSerifPro-LF/m/n/10.95 Schritt fr Schritt einen Shader welcher als Pa
-ram-e-ter die Main-tex-tur als Eingabe-
 []

<pictures/PixelAlgoShader.png, id=210, 289.68225pt x 361.95226pt>
File: pictures/PixelAlgoShader.png Graphic file (type png)
<use pictures/PixelAlgoShader.png>
Package pdftex.def Info: pictures/PixelAlgoShader.png  used on input line 68.
(pdftex.def)             Requested size: 310.70532pt x 388.25159pt.
[10 <./pictures/Rotationsshader.png>] [11 <./pictures/PixelAlgoShader.png>]
Overfull \hbox (11.23848pt too wide) in paragraph at lines 83--89
\T1/SourceSerifPro-LF/m/n/10.95 ist bei OpenCV, dass Unity einen an-deren Auf-b
au der Ma-trizen hat und dass OpenCV
 []

<pictures/OpenCV.png, id=227, 678.1335pt x 407.72325pt>
File: pictures/OpenCV.png Graphic file (type png)
<use pictures/OpenCV.png>
Package pdftex.def Info: pictures/OpenCV.png  used on input line 91.
(pdftex.def)             Requested size: 388.38017pt x 233.51205pt.

Overfull \hbox (31.27124pt too wide) in paragraph at lines 96--101
\T1/SourceSerifPro-LF/m/n/10.95 In get-Per-spec-tive-Trans-form wird die Homogr
aphie-Matrix an-hand der vier Quellpunkte
 []


Overfull \hbox (86.57312pt too wide) in paragraph at lines 96--101
\T1/SourceSerifPro-LF/m/n/10.95 Imgproc.warpPerspective(inputMat, out-put-Mat, 
per-spec-tive-Trans-form, new Size(outputMat.cols(),
 []


Overfull \hbox (5.54869pt too wide) in paragraph at lines 96--101
\T1/SourceSerifPro-LF/m/n/10.95 Damit ber-haupt et-was angezeigt wird braucht 
es nun noch diese ex-plizite Abfrage
 []


Overfull \hbox (10.99748pt too wide) in paragraph at lines 96--101
\T1/SourceSerifPro-LF/m/n/10.95 Am Ende wird die neu gener-ierte Tex-tur dem Pi
xel-Shader bergeben. Dies passiert
 []


Underfull \vbox (badness 1342) has occurred while \output is active []

 [12 <./pictures/OpenCV.png>]
<pictures/KameraMatrix.png, id=235, 537.207pt x 292.09125pt>
File: pictures/KameraMatrix.png Graphic file (type png)
<use pictures/KameraMatrix.png>
Package pdftex.def Info: pictures/KameraMatrix.png  used on input line 106.
(pdftex.def)             Requested size: 388.38017pt x 211.17462pt.
<pictures/Kameramatrix2.png, id=236, 486.01575pt x 240.9pt>
File: pictures/Kameramatrix2.png Graphic file (type png)
<use pictures/Kameramatrix2.png>
Package pdftex.def Info: pictures/Kameramatrix2.png  used on input line 112.
(pdftex.def)             Requested size: 388.38017pt x 192.51073pt.

Underfull \vbox (badness 10000) has occurred while \output is active []

 [13 <./pictures/KameraMatrix.png>]

LaTeX Warning: Reference `fig:ViewportToWorldPoin' on page 14 undefined on inpu
t line 121.

<pictures/ViewportToWorldPoint.png, id=246, 486.01575pt x 79.497pt>
File: pictures/ViewportToWorldPoint.png Graphic file (type png)
<use pictures/ViewportToWorldPoint.png>
Package pdftex.def Info: pictures/ViewportToWorldPoint.png  used on input line 
124.
(pdftex.def)             Requested size: 388.38017pt x 63.52853pt.
<pictures/Ebene.png, id=247, 483.60675pt x 290.88675pt>
File: pictures/Ebene.png Graphic file (type png)
<use pictures/Ebene.png>
Package pdftex.def Info: pictures/Ebene.png  used on input line 130.
(pdftex.def)             Requested size: 388.38017pt x 233.61073pt.

Underfull \vbox (badness 10000) has occurred while \output is active []

 [14 <./pictures/Kameramatrix2.png> <./pictures/ViewportToWorldPoint.png>]
<pictures/Projektionsvektor.png, id=256, 111.41624pt x 51.19125pt>
File: pictures/Projektionsvektor.png Graphic file (type png)
<use pictures/Projektionsvektor.png>
Package pdftex.def Info: pictures/Projektionsvektor.png  used on input line 136
.
(pdftex.def)             Requested size: 116.51523pt x 53.53445pt.

Overfull \hbox (13.9682pt too wide) in paragraph at lines 142--144
\T1/SourceSerifPro-LF/m/n/10.95 im-mer richtet. Die Berech-nung der Ebene ist i
n der Ab-bil-dung Fig-ure [][]2.9[][] dargestellt. 
 []


Overfull \hbox (5.00465pt too wide) in paragraph at lines 142--144
\T1/SourceSerifPro-LF/m/n/10.95 Nun pro-jeziere ich die Eck-punkte vom Screen i
n der Ver-lngerung von der Render-
 []

<pictures/Eckpunkte.png, id=260, 211.38976pt x 237.88875pt>
File: pictures/Eckpunkte.png Graphic file (type png)
<use pictures/Eckpunkte.png>
Package pdftex.def Info: pictures/Eckpunkte.png  used on input line 146.
(pdftex.def)             Requested size: 233.03047pt x 262.2592pt.

Underfull \vbox (badness 10000) has occurred while \output is active []

 [15 <./pictures/Ebene.png> <./pictures/Projektionsvektor.png>]) (content/discu
ssion.tex)
(content/fazit.tex
Overfull \hbox (2.28062pt too wide) in paragraph at lines 2--1
\T1/SourceSerifPro-LF/m/n/10.95 gerichtet ist, bekomme ich in meiner gek-lippte
n Ebene fr den hor-i-zon-talen Rich-
 []

[16 <./pictures/Eckpunkte.png>]) (content/ausblick.tex) [17] [18]
<pictures/sig_muster.png, id=283, 94.21703pt x 50.76634pt>
File: pictures/sig_muster.png Graphic file (type png)
<use pictures/sig_muster.png>
Package pdftex.def Info: pictures/sig_muster.png  used on input line 177.
(pdftex.def)             Requested size: 71.13188pt x 38.3295pt.
<pictures/sig_example.png, id=284, 106.18813pt x 51.20972pt>
File: pictures/sig_example.png Graphic file (type png)
<use pictures/sig_example.png>
Package pdftex.def Info: pictures/sig_example.png  used on input line 177.
(pdftex.def)             Requested size: 71.13188pt x 34.30328pt.
 [19



 <./pictures/sig_muster.png> <./pictures/sig_example.png>] (bfhthesis.bbl [20



]
chapter without number
) [21] [22


] (bfhthesis.lof)
\tf@lof=\write9
\openout9 = `bfhthesis.lof'.

 [23]
No file bfhthesis.ind.
[24



]
chapter A.
(content/anhang.tex
Overfull \hbox (2.4927pt too wide) in paragraph at lines 3--13
\T1/SourceSerifPro-LF/b/n/10.95 Erkenntnisse \T1/SourceSerifPro-LF/m/n/10.95 Ic
h habe ver-sucht die In-tel Re-alSens-eSDK 2016 mit Unity 2017 laufen
 []

[25]
Overfull \hbox (14.54861pt too wide) in paragraph at lines 33--35
\T1/SourceSerifPro-LF/m/n/10.95 Screen finden kann und dann auch noch entzer-re
n. Dieser Shader mit der Rotations-
 []


Underfull \vbox (badness 1168) has occurred while \output is active []

 [26]
Overfull \hbox (6.68307pt too wide) in paragraph at lines 37--43
\T1/SourceSerifPro-LF/m/n/10.95 zweiten Ver-such geklappt. Ich habe auch noch m
it EmguCv als Wrap-per rumgebt,
 []


Overfull \hbox (6.98636pt too wide) in paragraph at lines 37--43
\T1/SourceSerifPro-LF/m/n/10.95 Mar-cus Hu-dritsch hat mir das Kam-er-amod-ell 
noch et-was nher ge-bracht. Mglich,
 []

)
Underfull \vbox (badness 10000) has occurred while \output is active []

 [27]

Package glossaries Warning: No \printglossary or \printglossaries found. 
(Remove \makeglossaries if you don't want any glossaries.) 
This document will not have a glossary.

[28] (bfhthesis.aux)
 ***********
LaTeX2e <2023-06-01> patch level 1
L3 programming layer <2020/03/25>
 ***********


LaTeX Warning: There were undefined references.

Package rerunfilecheck Info: File `bfhthesis.out' has not changed.
(rerunfilecheck)             Checksum: D41D8CD98F00B204E9800998ECF8427E;0.
 ) 
Here is how much of TeX's memory you used:
 51719 strings out of 475210
 1122326 string characters out of 5756112
 1937785 words of memory out of 5000000
 72286 multiletter control sequences out of 15000+600000
 754863 words of font info for 85 fonts, out of 8000000 for 9000
 1141 hyphenation exceptions out of 8191
 128i,24n,136p,10958b,1223s stack positions out of 10000i,1000n,20000p,200000b,200000s
<C:/Users/bernh/AppData/Local/Programs/MiKTeX/fonts/type1/public/nunito/Nunit
o-Bold.pfb><C:/Users/bernh/AppData/Local/Programs/MiKTeX/fonts/type1/public/nun
ito/Nunito-Regular.pfb><C:/Users/bernh/AppData/Local/Programs/MiKTeX/fonts/type
1/adobe/sourceserifpro/SourceSerifPro-Bold.pfb><C:/Users/bernh/AppData/Local/Pr
ograms/MiKTeX/fonts/type1/adobe/sourceserifpro/SourceSerifPro-Regular.pfb><C:/U
sers/bernh/AppData/Local/Programs/MiKTeX/fonts/type1/public/amsfonts/symbols/ms
am10.pfb>
Output written on bfhthesis.pdf (34 pages, 2140047 bytes).
PDF statistics:
 503 PDF objects out of 1000 (max. 8388607)
 110 named destinations out of 1000 (max. 500000)
 398 words of extra memory for PDF output out of 10000 (max. 10000000)

